[ 2018-08-29T08:58:43+08:00 ] 113.251.21.183 /index.php?g=api&m=checkcode&a=index&length=4&font_size=20&width=248&height=42&use_noise=1&use_curve=0
INFO: [ app_init ] --START--
INFO: Run Behavior\BuildLiteBehavior [ RunTime:0.000015s ]
INFO: Run Common\Behavior\InitHookBehavior [ RunTime:0.002537s ]
INFO: [ app_init ] --END-- [ RunTime:0.002984s ]
INFO: [ app_begin ] --START--
INFO: Run Behavior\ReadHtmlCacheBehavior [ RunTime:0.000662s ]
INFO: Run Behavior\CheckLangBehavior [ RunTime:0.001993s ]
INFO: Run Common\Behavior\UrldecodeGetBehavior [ RunTime:0.000517s ]
INFO: [ app_begin ] --END-- [ RunTime:0.003316s ]
INFO: [ app_end ] --START--
INFO: Run Behavior\ShowPageTraceBehavior [ RunTime:0.000496s ]
INFO: [ app_end ] --END-- [ RunTime:0.000567s ]

[ 2018-08-29T09:03:46+08:00 ] 113.251.21.183 /index.php?g=api&m=checkcode&a=index&length=4&font_size=20&width=248&height=42&use_noise=1&use_curve=0
INFO: [ app_init ] --START--
INFO: Run Behavior\BuildLiteBehavior [ RunTime:0.000015s ]
INFO: Run Common\Behavior\InitHookBehavior [ RunTime:0.002073s ]
INFO: [ app_init ] --END-- [ RunTime:0.002549s ]
INFO: [ app_begin ] --START--
INFO: Run Behavior\ReadHtmlCacheBehavior [ RunTime:0.000609s ]
INFO: Run Behavior\CheckLangBehavior [ RunTime:0.001119s ]
INFO: Run Common\Behavior\UrldecodeGetBehavior [ RunTime:0.000529s ]
INFO: [ app_begin ] --END-- [ RunTime:0.002368s ]
INFO: [ app_end ] --START--
INFO: Run Behavior\ShowPageTraceBehavior [ RunTime:0.000604s ]
INFO: [ app_end ] --END-- [ RunTime:0.000656s ]

[ 2018-08-29T10:37:01+08:00 ] 113.251.21.183 /index.php?g=api&m=checkcode&a=index&length=4&font_size=20&width=248&height=42&use_noise=1&use_curve=0&refresh=0.43025525027453226
INFO: [ app_init ] --START--
INFO: Run Behavior\BuildLiteBehavior [ RunTime:0.000021s ]
INFO: Run Common\Behavior\InitHookBehavior [ RunTime:0.002310s ]
INFO: [ app_init ] --END-- [ RunTime:0.002809s ]
INFO: [ app_begin ] --START--
INFO: Run Behavior\ReadHtmlCacheBehavior [ RunTime:0.000648s ]
INFO: Run Behavior\CheckLangBehavior [ RunTime:0.001237s ]
INFO: Run Common\Behavior\UrldecodeGetBehavior [ RunTime:0.000361s ]
INFO: [ app_begin ] --END-- [ RunTime:0.002369s ]
INFO: [ app_end ] --START--
INFO: Run Behavior\ShowPageTraceBehavior [ RunTime:0.000597s ]
INFO: [ app_end ] --END-- [ RunTime:0.000656s ]

