[ 2018-08-28T09:19:08+08:00 ] 113.251.17.144 /index.php?g=api&m=checkcode&a=index&length=4&font_size=20&width=248&height=42&use_noise=1&use_curve=0
INFO: [ app_init ] --START--
INFO: Run Behavior\BuildLiteBehavior [ RunTime:0.000016s ]
INFO: Run Common\Behavior\InitHookBehavior [ RunTime:0.003118s ]
INFO: [ app_init ] --END-- [ RunTime:0.003714s ]
INFO: [ app_begin ] --START--
INFO: Run Behavior\ReadHtmlCacheBehavior [ RunTime:0.000869s ]
INFO: Run Behavior\CheckLangBehavior [ RunTime:0.001454s ]
INFO: Run Common\Behavior\UrldecodeGetBehavior [ RunTime:0.000631s ]
INFO: [ app_begin ] --END-- [ RunTime:0.003055s ]
INFO: [ app_end ] --START--
INFO: Run Behavior\ShowPageTraceBehavior [ RunTime:0.001150s ]
INFO: [ app_end ] --END-- [ RunTime:0.001211s ]

[ 2018-08-28T09:19:09+08:00 ] 113.251.17.144 /index.php?g=api&m=checkcode&a=index&length=4&font_size=20&width=248&height=42&use_noise=1&use_curve=0
INFO: [ app_init ] --START--
INFO: Run Behavior\BuildLiteBehavior [ RunTime:0.000016s ]
INFO: Run Common\Behavior\InitHookBehavior [ RunTime:0.002981s ]
INFO: [ app_init ] --END-- [ RunTime:0.003588s ]
INFO: [ app_begin ] --START--
INFO: Run Behavior\ReadHtmlCacheBehavior [ RunTime:0.000850s ]
INFO: Run Behavior\CheckLangBehavior [ RunTime:0.001374s ]
INFO: Run Common\Behavior\UrldecodeGetBehavior [ RunTime:0.000655s ]
INFO: [ app_begin ] --END-- [ RunTime:0.002986s ]
INFO: [ app_end ] --START--
INFO: Run Behavior\ShowPageTraceBehavior [ RunTime:0.000986s ]
INFO: [ app_end ] --END-- [ RunTime:0.001036s ]

[ 2018-08-28T09:19:11+08:00 ] 113.251.17.144 /index.php?g=api&m=checkcode&a=index&length=4&font_size=20&width=248&height=42&use_noise=1&use_curve=0
INFO: [ app_init ] --START--
INFO: Run Behavior\BuildLiteBehavior [ RunTime:0.000016s ]
INFO: Run Common\Behavior\InitHookBehavior [ RunTime:0.001915s ]
INFO: [ app_init ] --END-- [ RunTime:0.002343s ]
INFO: [ app_begin ] --START--
INFO: Run Behavior\ReadHtmlCacheBehavior [ RunTime:0.000566s ]
INFO: Run Behavior\CheckLangBehavior [ RunTime:0.001229s ]
INFO: Run Common\Behavior\UrldecodeGetBehavior [ RunTime:0.000535s ]
INFO: [ app_begin ] --END-- [ RunTime:0.002464s ]
INFO: [ app_end ] --START--
INFO: Run Behavior\ShowPageTraceBehavior [ RunTime:0.000551s ]
INFO: [ app_end ] --END-- [ RunTime:0.000601s ]

[ 2018-08-28T09:19:14+08:00 ] 113.251.17.144 /index.php?g=api&m=checkcode&a=index&length=4&font_size=20&width=248&height=42&use_noise=1&use_curve=0&time=0.5952851820808234
INFO: [ app_init ] --START--
INFO: Run Behavior\BuildLiteBehavior [ RunTime:0.000015s ]
INFO: Run Common\Behavior\InitHookBehavior [ RunTime:0.001878s ]
INFO: [ app_init ] --END-- [ RunTime:0.002274s ]
INFO: [ app_begin ] --START--
INFO: Run Behavior\ReadHtmlCacheBehavior [ RunTime:0.000492s ]
INFO: Run Behavior\CheckLangBehavior [ RunTime:0.000899s ]
INFO: Run Common\Behavior\UrldecodeGetBehavior [ RunTime:0.000486s ]
INFO: [ app_begin ] --END-- [ RunTime:0.001984s ]
INFO: [ app_end ] --START--
INFO: Run Behavior\ShowPageTraceBehavior [ RunTime:0.000520s ]
INFO: [ app_end ] --END-- [ RunTime:0.000576s ]

[ 2018-08-28T09:19:15+08:00 ] 113.251.17.144 /index.php?g=api&m=checkcode&a=index&length=4&font_size=20&width=248&height=42&use_noise=1&use_curve=0&time=0.2727565350829364
INFO: [ app_init ] --START--
INFO: Run Behavior\BuildLiteBehavior [ RunTime:0.000016s ]
INFO: Run Common\Behavior\InitHookBehavior [ RunTime:0.001912s ]
INFO: [ app_init ] --END-- [ RunTime:0.002323s ]
INFO: [ app_begin ] --START--
INFO: Run Behavior\ReadHtmlCacheBehavior [ RunTime:0.000507s ]
INFO: Run Behavior\CheckLangBehavior [ RunTime:0.000928s ]
INFO: Run Common\Behavior\UrldecodeGetBehavior [ RunTime:0.000443s ]
INFO: [ app_begin ] --END-- [ RunTime:0.001978s ]
INFO: [ app_end ] --START--
INFO: Run Behavior\ShowPageTraceBehavior [ RunTime:0.000528s ]
INFO: [ app_end ] --END-- [ RunTime:0.000574s ]

[ 2018-08-28T09:19:15+08:00 ] 113.251.17.144 /index.php?g=api&m=checkcode&a=index&length=4&font_size=20&width=248&height=42&use_noise=1&use_curve=0&time=0.4890595441151213
INFO: [ app_init ] --START--
INFO: Run Behavior\BuildLiteBehavior [ RunTime:0.000015s ]
INFO: Run Common\Behavior\InitHookBehavior [ RunTime:0.002080s ]
INFO: [ app_init ] --END-- [ RunTime:0.002512s ]
INFO: [ app_begin ] --START--
INFO: Run Behavior\ReadHtmlCacheBehavior [ RunTime:0.000667s ]
INFO: Run Behavior\CheckLangBehavior [ RunTime:0.000969s ]
INFO: Run Common\Behavior\UrldecodeGetBehavior [ RunTime:0.000426s ]
INFO: [ app_begin ] --END-- [ RunTime:0.002165s ]
INFO: [ app_end ] --START--
INFO: Run Behavior\ShowPageTraceBehavior [ RunTime:0.000525s ]
INFO: [ app_end ] --END-- [ RunTime:0.000580s ]

[ 2018-08-28T09:19:51+08:00 ] 113.251.17.144 /index.php?g=api&m=checkcode&a=index&length=4&font_size=20&width=248&height=42&use_noise=1&use_curve=0
INFO: [ app_init ] --START--
INFO: Run Behavior\BuildLiteBehavior [ RunTime:0.000016s ]
INFO: Run Common\Behavior\InitHookBehavior [ RunTime:0.002992s ]
INFO: [ app_init ] --END-- [ RunTime:0.003598s ]
INFO: [ app_begin ] --START--
INFO: Run Behavior\ReadHtmlCacheBehavior [ RunTime:0.000841s ]
INFO: Run Behavior\CheckLangBehavior [ RunTime:0.001429s ]
INFO: Run Common\Behavior\UrldecodeGetBehavior [ RunTime:0.000635s ]
INFO: [ app_begin ] --END-- [ RunTime:0.003014s ]
INFO: [ app_end ] --START--
INFO: Run Behavior\ShowPageTraceBehavior [ RunTime:0.001130s ]
INFO: [ app_end ] --END-- [ RunTime:0.001190s ]

[ 2018-08-28T09:20:36+08:00 ] 113.251.17.144 /index.php?g=api&m=checkcode&a=index&length=4&font_size=20&width=248&height=42&use_noise=1&use_curve=0
INFO: [ app_init ] --START--
INFO: Run Behavior\BuildLiteBehavior [ RunTime:0.000015s ]
INFO: Run Common\Behavior\InitHookBehavior [ RunTime:0.003025s ]
INFO: [ app_init ] --END-- [ RunTime:0.003627s ]
INFO: [ app_begin ] --START--
INFO: Run Behavior\ReadHtmlCacheBehavior [ RunTime:0.000848s ]
INFO: Run Behavior\CheckLangBehavior [ RunTime:0.001381s ]
INFO: Run Common\Behavior\UrldecodeGetBehavior [ RunTime:0.000660s ]
INFO: [ app_begin ] --END-- [ RunTime:0.002993s ]
INFO: [ app_end ] --START--
INFO: Run Behavior\ShowPageTraceBehavior [ RunTime:0.000949s ]
INFO: [ app_end ] --END-- [ RunTime:0.001008s ]

[ 2018-08-28T09:20:42+08:00 ] 113.251.17.144 /index.php?g=api&m=checkcode&a=index&length=4&font_size=20&width=248&height=42&use_noise=1&use_curve=0&time=0.07432576086076503
INFO: [ app_init ] --START--
INFO: Run Behavior\BuildLiteBehavior [ RunTime:0.000015s ]
INFO: Run Common\Behavior\InitHookBehavior [ RunTime:0.003001s ]
INFO: [ app_init ] --END-- [ RunTime:0.003546s ]
INFO: [ app_begin ] --START--
INFO: Run Behavior\ReadHtmlCacheBehavior [ RunTime:0.000811s ]
INFO: Run Behavior\CheckLangBehavior [ RunTime:0.001289s ]
INFO: Run Common\Behavior\UrldecodeGetBehavior [ RunTime:0.000617s ]
INFO: [ app_begin ] --END-- [ RunTime:0.002816s ]
INFO: [ app_end ] --START--
INFO: Run Behavior\ShowPageTraceBehavior [ RunTime:0.000824s ]
INFO: [ app_end ] --END-- [ RunTime:0.000870s ]

[ 2018-08-28T09:20:43+08:00 ] 113.251.17.144 /index.php?g=api&m=checkcode&a=index&length=4&font_size=20&width=248&height=42&use_noise=1&use_curve=0&time=0.8114526634123775
INFO: [ app_init ] --START--
INFO: Run Behavior\BuildLiteBehavior [ RunTime:0.000016s ]
INFO: Run Common\Behavior\InitHookBehavior [ RunTime:0.002136s ]
INFO: [ app_init ] --END-- [ RunTime:0.002656s ]
INFO: [ app_begin ] --START--
INFO: Run Behavior\ReadHtmlCacheBehavior [ RunTime:0.000574s ]
INFO: Run Behavior\CheckLangBehavior [ RunTime:0.000971s ]
INFO: Run Common\Behavior\UrldecodeGetBehavior [ RunTime:0.000484s ]
INFO: [ app_begin ] --END-- [ RunTime:0.002126s ]
INFO: [ app_end ] --START--
INFO: Run Behavior\ShowPageTraceBehavior [ RunTime:0.000673s ]
INFO: [ app_end ] --END-- [ RunTime:0.000720s ]

[ 2018-08-28T09:20:43+08:00 ] 113.251.17.144 /index.php?g=api&m=checkcode&a=index&length=4&font_size=20&width=248&height=42&use_noise=1&use_curve=0&time=0.8592431368570523
INFO: [ app_init ] --START--
INFO: Run Behavior\BuildLiteBehavior [ RunTime:0.000017s ]
INFO: Run Common\Behavior\InitHookBehavior [ RunTime:0.002401s ]
INFO: [ app_init ] --END-- [ RunTime:0.002832s ]
INFO: [ app_begin ] --START--
INFO: Run Behavior\ReadHtmlCacheBehavior [ RunTime:0.000564s ]
INFO: Run Behavior\CheckLangBehavior [ RunTime:0.001042s ]
INFO: Run Common\Behavior\UrldecodeGetBehavior [ RunTime:0.000481s ]
INFO: [ app_begin ] --END-- [ RunTime:0.002184s ]
INFO: [ app_end ] --START--
INFO: Run Behavior\ShowPageTraceBehavior [ RunTime:0.000606s ]
INFO: [ app_end ] --END-- [ RunTime:0.000654s ]

[ 2018-08-28T09:20:45+08:00 ] 113.251.17.144 /index.php?g=api&m=checkcode&a=index&length=4&font_size=20&width=248&height=42&use_noise=1&use_curve=0
INFO: [ app_init ] --START--
INFO: Run Behavior\BuildLiteBehavior [ RunTime:0.000015s ]
INFO: Run Common\Behavior\InitHookBehavior [ RunTime:0.002115s ]
INFO: [ app_init ] --END-- [ RunTime:0.002538s ]
INFO: [ app_begin ] --START--
INFO: Run Behavior\ReadHtmlCacheBehavior [ RunTime:0.000576s ]
INFO: Run Behavior\CheckLangBehavior [ RunTime:0.000980s ]
INFO: Run Common\Behavior\UrldecodeGetBehavior [ RunTime:0.000477s ]
INFO: [ app_begin ] --END-- [ RunTime:0.002131s ]
INFO: [ app_end ] --START--
INFO: Run Behavior\ShowPageTraceBehavior [ RunTime:0.000602s ]
INFO: [ app_end ] --END-- [ RunTime:0.000649s ]

[ 2018-08-28T09:20:53+08:00 ] 113.251.17.144 /index.php?g=api&m=checkcode&a=index&length=4&font_size=20&width=248&height=42&use_noise=1&use_curve=0
INFO: [ app_init ] --START--
INFO: Run Behavior\BuildLiteBehavior [ RunTime:0.000016s ]
INFO: Run Common\Behavior\InitHookBehavior [ RunTime:0.002752s ]
INFO: [ app_init ] --END-- [ RunTime:0.003363s ]
INFO: [ app_begin ] --START--
INFO: Run Behavior\ReadHtmlCacheBehavior [ RunTime:0.000800s ]
INFO: Run Behavior\CheckLangBehavior [ RunTime:0.001313s ]
INFO: Run Common\Behavior\UrldecodeGetBehavior [ RunTime:0.000596s ]
INFO: [ app_begin ] --END-- [ RunTime:0.002809s ]
INFO: [ app_end ] --START--
INFO: Run Behavior\ShowPageTraceBehavior [ RunTime:0.000870s ]
INFO: [ app_end ] --END-- [ RunTime:0.000917s ]

[ 2018-08-28T09:24:15+08:00 ] 113.251.17.144 /index.php?g=api&m=checkcode&a=index&length=4&font_size=20&width=248&height=42&use_noise=1&use_curve=0
INFO: [ app_init ] --START--
INFO: Run Behavior\BuildLiteBehavior [ RunTime:0.000016s ]
INFO: Run Common\Behavior\InitHookBehavior [ RunTime:0.002155s ]
INFO: [ app_init ] --END-- [ RunTime:0.002558s ]
INFO: [ app_begin ] --START--
INFO: Run Behavior\ReadHtmlCacheBehavior [ RunTime:0.000603s ]
INFO: Run Behavior\CheckLangBehavior [ RunTime:0.001019s ]
INFO: Run Common\Behavior\UrldecodeGetBehavior [ RunTime:0.000551s ]
INFO: [ app_begin ] --END-- [ RunTime:0.002287s ]
INFO: [ app_end ] --START--
INFO: Run Behavior\ShowPageTraceBehavior [ RunTime:0.000759s ]
INFO: [ app_end ] --END-- [ RunTime:0.000826s ]

[ 2018-08-28T09:24:17+08:00 ] 113.251.17.144 /index.php?g=api&m=checkcode&a=index&length=4&font_size=20&width=248&height=42&use_noise=1&use_curve=0&time=0.8690482330467901
INFO: [ app_init ] --START--
INFO: Run Behavior\BuildLiteBehavior [ RunTime:0.000016s ]
INFO: Run Common\Behavior\InitHookBehavior [ RunTime:0.002507s ]
INFO: [ app_init ] --END-- [ RunTime:0.003045s ]
INFO: [ app_begin ] --START--
INFO: Run Behavior\ReadHtmlCacheBehavior [ RunTime:0.000563s ]
INFO: Run Behavior\CheckLangBehavior [ RunTime:0.001037s ]
INFO: Run Common\Behavior\UrldecodeGetBehavior [ RunTime:0.000453s ]
INFO: [ app_begin ] --END-- [ RunTime:0.002231s ]
INFO: [ app_end ] --START--
INFO: Run Behavior\ShowPageTraceBehavior [ RunTime:0.000591s ]
INFO: [ app_end ] --END-- [ RunTime:0.000640s ]

[ 2018-08-28T09:57:50+08:00 ] 113.251.17.144 /index.php?g=api&m=checkcode&a=index&length=4&font_size=20&width=248&height=42&use_noise=1&use_curve=0
INFO: [ app_init ] --START--
INFO: Run Behavior\BuildLiteBehavior [ RunTime:0.000021s ]
INFO: Run Common\Behavior\InitHookBehavior [ RunTime:0.003827s ]
INFO: [ app_init ] --END-- [ RunTime:0.004492s ]
INFO: [ app_begin ] --START--
INFO: Run Behavior\ReadHtmlCacheBehavior [ RunTime:0.001084s ]
INFO: Run Behavior\CheckLangBehavior [ RunTime:0.001445s ]
INFO: Run Common\Behavior\UrldecodeGetBehavior [ RunTime:0.000670s ]
INFO: [ app_begin ] --END-- [ RunTime:0.003311s ]
INFO: [ app_end ] --START--
INFO: Run Behavior\ShowPageTraceBehavior [ RunTime:0.000961s ]
INFO: [ app_end ] --END-- [ RunTime:0.001016s ]

[ 2018-08-28T09:58:07+08:00 ] 113.251.17.144 /index.php?g=api&m=checkcode&a=index&length=4&font_size=20&width=248&height=42&use_noise=1&use_curve=0
INFO: [ app_init ] --START--
INFO: Run Behavior\BuildLiteBehavior [ RunTime:0.000016s ]
INFO: Run Common\Behavior\InitHookBehavior [ RunTime:0.002871s ]
INFO: [ app_init ] --END-- [ RunTime:0.003446s ]
INFO: [ app_begin ] --START--
INFO: Run Behavior\ReadHtmlCacheBehavior [ RunTime:0.000839s ]
INFO: Run Behavior\CheckLangBehavior [ RunTime:0.001375s ]
INFO: Run Common\Behavior\UrldecodeGetBehavior [ RunTime:0.000637s ]
INFO: [ app_begin ] --END-- [ RunTime:0.002949s ]
INFO: [ app_end ] --START--
INFO: Run Behavior\ShowPageTraceBehavior [ RunTime:0.001228s ]
INFO: [ app_end ] --END-- [ RunTime:0.001292s ]

[ 2018-08-28T09:58:08+08:00 ] 113.251.17.144 /index.php?g=api&m=checkcode&a=index&length=4&font_size=20&width=248&height=42&use_noise=1&use_curve=0&time=0.5958247227380684
INFO: [ app_init ] --START--
INFO: Run Behavior\BuildLiteBehavior [ RunTime:0.000017s ]
INFO: Run Common\Behavior\InitHookBehavior [ RunTime:0.003592s ]
INFO: [ app_init ] --END-- [ RunTime:0.004309s ]
INFO: [ app_begin ] --START--
INFO: Run Behavior\ReadHtmlCacheBehavior [ RunTime:0.000910s ]
INFO: Run Behavior\CheckLangBehavior [ RunTime:0.001482s ]
INFO: Run Common\Behavior\UrldecodeGetBehavior [ RunTime:0.000736s ]
INFO: [ app_begin ] --END-- [ RunTime:0.003236s ]
INFO: [ app_end ] --START--
INFO: Run Behavior\ShowPageTraceBehavior [ RunTime:0.000885s ]
INFO: [ app_end ] --END-- [ RunTime:0.000932s ]

[ 2018-08-28T09:58:09+08:00 ] 113.251.17.144 /index.php?g=api&m=checkcode&a=index&length=4&font_size=20&width=248&height=42&use_noise=1&use_curve=0&time=0.7079617733456787
INFO: [ app_init ] --START--
INFO: Run Behavior\BuildLiteBehavior [ RunTime:0.000021s ]
INFO: Run Common\Behavior\InitHookBehavior [ RunTime:0.003448s ]
INFO: [ app_init ] --END-- [ RunTime:0.004195s ]
INFO: [ app_begin ] --START--
INFO: Run Behavior\ReadHtmlCacheBehavior [ RunTime:0.000843s ]
INFO: Run Behavior\CheckLangBehavior [ RunTime:0.001318s ]
INFO: Run Common\Behavior\UrldecodeGetBehavior [ RunTime:0.000641s ]
INFO: [ app_begin ] --END-- [ RunTime:0.002898s ]
INFO: [ app_end ] --START--
INFO: Run Behavior\ShowPageTraceBehavior [ RunTime:0.000976s ]
INFO: [ app_end ] --END-- [ RunTime:0.001033s ]

[ 2018-08-28T09:58:09+08:00 ] 113.251.17.144 /index.php?g=api&m=checkcode&a=index&length=4&font_size=20&width=248&height=42&use_noise=1&use_curve=0&time=0.7722421202877328
INFO: [ app_init ] --START--
INFO: Run Behavior\BuildLiteBehavior [ RunTime:0.000016s ]
INFO: Run Common\Behavior\InitHookBehavior [ RunTime:0.002850s ]
INFO: [ app_init ] --END-- [ RunTime:0.003423s ]
INFO: [ app_begin ] --START--
INFO: Run Behavior\ReadHtmlCacheBehavior [ RunTime:0.000851s ]
INFO: Run Behavior\CheckLangBehavior [ RunTime:0.001333s ]
INFO: Run Common\Behavior\UrldecodeGetBehavior [ RunTime:0.000675s ]
INFO: [ app_begin ] --END-- [ RunTime:0.002957s ]
INFO: [ app_end ] --START--
INFO: Run Behavior\ShowPageTraceBehavior [ RunTime:0.001043s ]
INFO: [ app_end ] --END-- [ RunTime:0.001101s ]

[ 2018-08-28T09:58:10+08:00 ] 113.251.17.144 /index.php?g=api&m=checkcode&a=index&length=4&font_size=20&width=248&height=42&use_noise=1&use_curve=0&time=0.8873809204120597
INFO: [ app_init ] --START--
INFO: Run Behavior\BuildLiteBehavior [ RunTime:0.000016s ]
INFO: Run Common\Behavior\InitHookBehavior [ RunTime:0.003148s ]
INFO: [ app_init ] --END-- [ RunTime:0.003878s ]
INFO: [ app_begin ] --START--
INFO: Run Behavior\ReadHtmlCacheBehavior [ RunTime:0.000908s ]
INFO: Run Behavior\CheckLangBehavior [ RunTime:0.001316s ]
INFO: Run Common\Behavior\UrldecodeGetBehavior [ RunTime:0.000682s ]
INFO: [ app_begin ] --END-- [ RunTime:0.003012s ]
INFO: [ app_end ] --START--
INFO: Run Behavior\ShowPageTraceBehavior [ RunTime:0.000877s ]
INFO: [ app_end ] --END-- [ RunTime:0.000923s ]

[ 2018-08-28T09:58:10+08:00 ] 113.251.17.144 /index.php?g=api&m=checkcode&a=index&length=4&font_size=20&width=248&height=42&use_noise=1&use_curve=0&time=0.9153861895747637
INFO: [ app_init ] --START--
INFO: Run Behavior\BuildLiteBehavior [ RunTime:0.000023s ]
INFO: Run Common\Behavior\InitHookBehavior [ RunTime:0.004103s ]
INFO: [ app_init ] --END-- [ RunTime:0.004857s ]
INFO: [ app_begin ] --START--
INFO: Run Behavior\ReadHtmlCacheBehavior [ RunTime:0.001120s ]
INFO: Run Behavior\CheckLangBehavior [ RunTime:0.002031s ]
INFO: Run Common\Behavior\UrldecodeGetBehavior [ RunTime:0.000862s ]
INFO: [ app_begin ] --END-- [ RunTime:0.004147s ]
INFO: [ app_end ] --START--
INFO: Run Behavior\ShowPageTraceBehavior [ RunTime:0.001337s ]
INFO: [ app_end ] --END-- [ RunTime:0.001402s ]

[ 2018-08-28T09:58:29+08:00 ] 113.251.17.144 /index.php?g=api&m=checkcode&a=index&length=4&font_size=20&width=248&height=42&use_noise=1&use_curve=0
INFO: [ app_init ] --START--
INFO: Run Behavior\BuildLiteBehavior [ RunTime:0.000017s ]
INFO: Run Common\Behavior\InitHookBehavior [ RunTime:0.003026s ]
INFO: [ app_init ] --END-- [ RunTime:0.003656s ]
INFO: [ app_begin ] --START--
INFO: Run Behavior\ReadHtmlCacheBehavior [ RunTime:0.000988s ]
INFO: Run Behavior\CheckLangBehavior [ RunTime:0.001392s ]
INFO: Run Common\Behavior\UrldecodeGetBehavior [ RunTime:0.000624s ]
INFO: [ app_begin ] --END-- [ RunTime:0.003111s ]
INFO: [ app_end ] --START--
INFO: Run Behavior\ShowPageTraceBehavior [ RunTime:0.001029s ]
INFO: [ app_end ] --END-- [ RunTime:0.001090s ]

[ 2018-08-28T09:58:30+08:00 ] 113.251.17.144 /index.php?g=api&m=checkcode&a=index&length=4&font_size=20&width=248&height=42&use_noise=1&use_curve=0&time=0.7079617733456787
INFO: [ app_init ] --START--
INFO: Run Behavior\BuildLiteBehavior [ RunTime:0.000025s ]
INFO: Run Common\Behavior\InitHookBehavior [ RunTime:0.003110s ]
INFO: [ app_init ] --END-- [ RunTime:0.003721s ]
INFO: [ app_begin ] --START--
INFO: Run Behavior\ReadHtmlCacheBehavior [ RunTime:0.000881s ]
INFO: Run Behavior\CheckLangBehavior [ RunTime:0.001364s ]
INFO: Run Common\Behavior\UrldecodeGetBehavior [ RunTime:0.000690s ]
INFO: [ app_begin ] --END-- [ RunTime:0.003036s ]
INFO: [ app_end ] --START--
INFO: Run Behavior\ShowPageTraceBehavior [ RunTime:0.000892s ]
INFO: [ app_end ] --END-- [ RunTime:0.000941s ]

[ 2018-08-28T09:58:30+08:00 ] 113.251.17.144 /index.php?g=api&m=checkcode&a=index&length=4&font_size=20&width=248&height=42&use_noise=1&use_curve=0&time=0.7722421202877328
INFO: [ app_init ] --START--
INFO: Run Behavior\BuildLiteBehavior [ RunTime:0.000017s ]
INFO: Run Common\Behavior\InitHookBehavior [ RunTime:0.002862s ]
INFO: [ app_init ] --END-- [ RunTime:0.003447s ]
INFO: [ app_begin ] --START--
INFO: Run Behavior\ReadHtmlCacheBehavior [ RunTime:0.000842s ]
INFO: Run Behavior\CheckLangBehavior [ RunTime:0.001337s ]
INFO: Run Common\Behavior\UrldecodeGetBehavior [ RunTime:0.000645s ]
INFO: [ app_begin ] --END-- [ RunTime:0.002923s ]
INFO: [ app_end ] --START--
INFO: Run Behavior\ShowPageTraceBehavior [ RunTime:0.000920s ]
INFO: [ app_end ] --END-- [ RunTime:0.000967s ]

[ 2018-08-28T09:58:50+08:00 ] 113.251.17.144 /index.php?g=api&m=checkcode&a=index&length=4&font_size=20&width=248&height=42&use_noise=1&use_curve=0
INFO: [ app_init ] --START--
INFO: Run Behavior\BuildLiteBehavior [ RunTime:0.000016s ]
INFO: Run Common\Behavior\InitHookBehavior [ RunTime:0.002073s ]
INFO: [ app_init ] --END-- [ RunTime:0.002490s ]
INFO: [ app_begin ] --START--
INFO: Run Behavior\ReadHtmlCacheBehavior [ RunTime:0.000577s ]
INFO: Run Behavior\CheckLangBehavior [ RunTime:0.000960s ]
INFO: Run Common\Behavior\UrldecodeGetBehavior [ RunTime:0.000350s ]
INFO: [ app_begin ] --END-- [ RunTime:0.001994s ]
INFO: [ app_end ] --START--
INFO: Run Behavior\ShowPageTraceBehavior [ RunTime:0.000650s ]
INFO: [ app_end ] --END-- [ RunTime:0.000706s ]

[ 2018-08-28T09:59:14+08:00 ] 113.251.17.144 /index.php?g=api&m=checkcode&a=index&length=4&font_size=20&width=248&height=42&use_noise=1&use_curve=0
INFO: [ app_init ] --START--
INFO: Run Behavior\BuildLiteBehavior [ RunTime:0.000016s ]
INFO: Run Common\Behavior\InitHookBehavior [ RunTime:0.001828s ]
INFO: [ app_init ] --END-- [ RunTime:0.002228s ]
INFO: [ app_begin ] --START--
INFO: Run Behavior\ReadHtmlCacheBehavior [ RunTime:0.000587s ]
INFO: Run Behavior\CheckLangBehavior [ RunTime:0.000954s ]
INFO: Run Common\Behavior\UrldecodeGetBehavior [ RunTime:0.000353s ]
INFO: [ app_begin ] --END-- [ RunTime:0.001991s ]
INFO: [ app_end ] --START--
INFO: Run Behavior\ShowPageTraceBehavior [ RunTime:0.000608s ]
INFO: [ app_end ] --END-- [ RunTime:0.000655s ]

[ 2018-08-28T10:00:11+08:00 ] 113.251.17.144 /?g=api&m=checkcode&a=index&length=4&font_size=20&width=248&height=42&use_noise=1&use_curve=0
INFO: [ app_init ] --START--
INFO: Run Behavior\BuildLiteBehavior [ RunTime:0.000016s ]
INFO: Run Common\Behavior\InitHookBehavior [ RunTime:0.002854s ]
INFO: [ app_init ] --END-- [ RunTime:0.003430s ]
INFO: [ app_begin ] --START--
INFO: Run Behavior\ReadHtmlCacheBehavior [ RunTime:0.001389s ]
INFO: Run Behavior\CheckLangBehavior [ RunTime:0.001491s ]
INFO: Run Common\Behavior\UrldecodeGetBehavior [ RunTime:0.000676s ]
INFO: [ app_begin ] --END-- [ RunTime:0.003680s ]
INFO: [ app_end ] --START--
INFO: Run Behavior\ShowPageTraceBehavior [ RunTime:0.000933s ]
INFO: [ app_end ] --END-- [ RunTime:0.000981s ]

[ 2018-08-28T10:00:15+08:00 ] 113.251.17.144 /?g=api&m=checkcode&a=index&length=4&font_size=20&width=248&height=42&use_noise=1&use_curve=0
INFO: [ app_init ] --START--
INFO: Run Behavior\BuildLiteBehavior [ RunTime:0.000015s ]
INFO: Run Common\Behavior\InitHookBehavior [ RunTime:0.002873s ]
INFO: [ app_init ] --END-- [ RunTime:0.003462s ]
INFO: [ app_begin ] --START--
INFO: Run Behavior\ReadHtmlCacheBehavior [ RunTime:0.000857s ]
INFO: Run Behavior\CheckLangBehavior [ RunTime:0.001344s ]
INFO: Run Common\Behavior\UrldecodeGetBehavior [ RunTime:0.000614s ]
INFO: [ app_begin ] --END-- [ RunTime:0.002924s ]
INFO: [ app_end ] --START--
INFO: Run Behavior\ShowPageTraceBehavior [ RunTime:0.001079s ]
INFO: [ app_end ] --END-- [ RunTime:0.001132s ]

[ 2018-08-28T10:00:17+08:00 ] 113.251.17.144 /?g=api&m=checkcode&a=index&length=4&font_size=20&width=248&height=42&use_noise=1&use_curve=0
INFO: [ app_init ] --START--
INFO: Run Behavior\BuildLiteBehavior [ RunTime:0.000016s ]
INFO: Run Common\Behavior\InitHookBehavior [ RunTime:0.003136s ]
INFO: [ app_init ] --END-- [ RunTime:0.003739s ]
INFO: [ app_begin ] --START--
INFO: Run Behavior\ReadHtmlCacheBehavior [ RunTime:0.000893s ]
INFO: Run Behavior\CheckLangBehavior [ RunTime:0.001412s ]
INFO: Run Common\Behavior\UrldecodeGetBehavior [ RunTime:0.000640s ]
INFO: [ app_begin ] --END-- [ RunTime:0.003051s ]
INFO: [ app_end ] --START--
INFO: Run Behavior\ShowPageTraceBehavior [ RunTime:0.000909s ]
INFO: [ app_end ] --END-- [ RunTime:0.000957s ]

[ 2018-08-28T10:00:30+08:00 ] 113.251.17.144 /?g=api&m=checkcode&a=index&length=4&font_size=20&width=248&height=42&use_noise=1&use_curve=0
INFO: [ app_init ] --START--
INFO: Run Behavior\BuildLiteBehavior [ RunTime:0.000020s ]
INFO: Run Common\Behavior\InitHookBehavior [ RunTime:0.002075s ]
INFO: [ app_init ] --END-- [ RunTime:0.002580s ]
INFO: [ app_begin ] --START--
INFO: Run Behavior\ReadHtmlCacheBehavior [ RunTime:0.000588s ]
INFO: Run Behavior\CheckLangBehavior [ RunTime:0.000953s ]
INFO: Run Common\Behavior\UrldecodeGetBehavior [ RunTime:0.000349s ]
INFO: [ app_begin ] --END-- [ RunTime:0.001990s ]
INFO: [ app_end ] --START--
INFO: Run Behavior\ShowPageTraceBehavior [ RunTime:0.000591s ]
INFO: [ app_end ] --END-- [ RunTime:0.000637s ]

[ 2018-08-28T10:00:32+08:00 ] 113.251.17.144 /?g=api&m=checkcode&a=index&length=4&font_size=20&width=248&height=42&use_noise=1&use_curve=0
INFO: [ app_init ] --START--
INFO: Run Behavior\BuildLiteBehavior [ RunTime:0.000023s ]
INFO: Run Common\Behavior\InitHookBehavior [ RunTime:0.003512s ]
INFO: [ app_init ] --END-- [ RunTime:0.004304s ]
INFO: [ app_begin ] --START--
INFO: Run Behavior\ReadHtmlCacheBehavior [ RunTime:0.000845s ]
INFO: Run Behavior\CheckLangBehavior [ RunTime:0.001319s ]
INFO: Run Common\Behavior\UrldecodeGetBehavior [ RunTime:0.000656s ]
INFO: [ app_begin ] --END-- [ RunTime:0.002928s ]
INFO: [ app_end ] --START--
INFO: Run Behavior\ShowPageTraceBehavior [ RunTime:0.000870s ]
INFO: [ app_end ] --END-- [ RunTime:0.000926s ]

[ 2018-08-28T10:01:16+08:00 ] 113.251.17.144 /?g=api&m=checkcode&a=index&length=4&font_size=20&width=248&height=42&use_noise=1&use_curve=0
INFO: [ app_init ] --START--
INFO: Run Behavior\BuildLiteBehavior [ RunTime:0.000017s ]
INFO: Run Common\Behavior\InitHookBehavior [ RunTime:0.002177s ]
INFO: [ app_init ] --END-- [ RunTime:0.002647s ]
INFO: [ app_begin ] --START--
INFO: Run Behavior\ReadHtmlCacheBehavior [ RunTime:0.000580s ]
INFO: Run Behavior\CheckLangBehavior [ RunTime:0.000951s ]
INFO: Run Common\Behavior\UrldecodeGetBehavior [ RunTime:0.000351s ]
INFO: [ app_begin ] --END-- [ RunTime:0.001985s ]
INFO: [ app_end ] --START--
INFO: Run Behavior\ShowPageTraceBehavior [ RunTime:0.000787s ]
INFO: [ app_end ] --END-- [ RunTime:0.000852s ]

[ 2018-08-28T10:01:16+08:00 ] 113.251.17.144 /?g=api&m=checkcode&a=index&length=4&font_size=20&width=248&height=42&use_noise=1&use_curve=0
INFO: [ app_init ] --START--
INFO: Run Behavior\BuildLiteBehavior [ RunTime:0.000016s ]
INFO: Run Common\Behavior\InitHookBehavior [ RunTime:0.001885s ]
INFO: [ app_init ] --END-- [ RunTime:0.002319s ]
INFO: [ app_begin ] --START--
INFO: Run Behavior\ReadHtmlCacheBehavior [ RunTime:0.000668s ]
INFO: Run Behavior\CheckLangBehavior [ RunTime:0.001019s ]
INFO: Run Common\Behavior\UrldecodeGetBehavior [ RunTime:0.000398s ]
INFO: [ app_begin ] --END-- [ RunTime:0.002196s ]
INFO: [ app_end ] --START--
INFO: Run Behavior\ShowPageTraceBehavior [ RunTime:0.000615s ]
INFO: [ app_end ] --END-- [ RunTime:0.000670s ]

[ 2018-08-28T10:01:17+08:00 ] 113.251.17.144 /?g=api&m=checkcode&a=index&length=4&font_size=20&width=248&height=42&use_noise=1&use_curve=0
INFO: [ app_init ] --START--
INFO: Run Behavior\BuildLiteBehavior [ RunTime:0.000016s ]
INFO: Run Common\Behavior\InitHookBehavior [ RunTime:0.001893s ]
INFO: [ app_init ] --END-- [ RunTime:0.002347s ]
INFO: [ app_begin ] --START--
INFO: Run Behavior\ReadHtmlCacheBehavior [ RunTime:0.000573s ]
INFO: Run Behavior\CheckLangBehavior [ RunTime:0.000931s ]
INFO: Run Common\Behavior\UrldecodeGetBehavior [ RunTime:0.000345s ]
INFO: [ app_begin ] --END-- [ RunTime:0.001948s ]
INFO: [ app_end ] --START--
INFO: Run Behavior\ShowPageTraceBehavior [ RunTime:0.000637s ]
INFO: [ app_end ] --END-- [ RunTime:0.000684s ]

[ 2018-08-28T10:01:56+08:00 ] 113.251.17.144 /?g=api&m=checkcode&a=index&length=4&font_size=20&width=248&height=42&use_noise=1&use_curve=0
INFO: [ app_init ] --START--
INFO: Run Behavior\BuildLiteBehavior [ RunTime:0.000016s ]
INFO: Run Common\Behavior\InitHookBehavior [ RunTime:0.002880s ]
INFO: [ app_init ] --END-- [ RunTime:0.003483s ]
INFO: [ app_begin ] --START--
INFO: Run Behavior\ReadHtmlCacheBehavior [ RunTime:0.000864s ]
INFO: Run Behavior\CheckLangBehavior [ RunTime:0.001409s ]
INFO: Run Common\Behavior\UrldecodeGetBehavior [ RunTime:0.000655s ]
INFO: [ app_begin ] --END-- [ RunTime:0.003033s ]
INFO: [ app_end ] --START--
INFO: Run Behavior\ShowPageTraceBehavior [ RunTime:0.001175s ]
INFO: [ app_end ] --END-- [ RunTime:0.001234s ]

[ 2018-08-28T10:07:11+08:00 ] 113.251.17.144 /index.php?g=api&m=checkcode&a=index&length=4&font_size=20&width=248&height=42&use_noise=1&use_curve=0&time=0.9153861895747637&refresh=0.12361396346395548
INFO: [ app_init ] --START--
INFO: Run Behavior\BuildLiteBehavior [ RunTime:0.000017s ]
INFO: Run Common\Behavior\InitHookBehavior [ RunTime:0.002218s ]
INFO: [ app_init ] --END-- [ RunTime:0.002743s ]
INFO: [ app_begin ] --START--
INFO: Run Behavior\ReadHtmlCacheBehavior [ RunTime:0.000662s ]
INFO: Run Behavior\CheckLangBehavior [ RunTime:0.001106s ]
INFO: Run Common\Behavior\UrldecodeGetBehavior [ RunTime:0.000425s ]
INFO: [ app_begin ] --END-- [ RunTime:0.002294s ]
INFO: [ app_end ] --START--
INFO: Run Behavior\ShowPageTraceBehavior [ RunTime:0.000710s ]
INFO: [ app_end ] --END-- [ RunTime:0.000766s ]

[ 2018-08-28T10:07:15+08:00 ] 113.251.17.144 /index.php?g=api&m=checkcode&a=index&length=4&font_size=20&width=248&height=42&use_noise=1&use_curve=0&time=0.9153861895747637&refresh=0.12361396346395548&refresh=0.38984374167194114
INFO: [ app_init ] --START--
INFO: Run Behavior\BuildLiteBehavior [ RunTime:0.000021s ]
INFO: Run Common\Behavior\InitHookBehavior [ RunTime:0.002229s ]
INFO: [ app_init ] --END-- [ RunTime:0.003102s ]
INFO: [ app_begin ] --START--
INFO: Run Behavior\ReadHtmlCacheBehavior [ RunTime:0.000575s ]
INFO: Run Behavior\CheckLangBehavior [ RunTime:0.000942s ]
INFO: Run Common\Behavior\UrldecodeGetBehavior [ RunTime:0.000418s ]
INFO: [ app_begin ] --END-- [ RunTime:0.002033s ]
INFO: [ app_end ] --START--
INFO: Run Behavior\ShowPageTraceBehavior [ RunTime:0.000642s ]
INFO: [ app_end ] --END-- [ RunTime:0.000692s ]

[ 2018-08-28T10:07:18+08:00 ] 113.251.17.144 /index.php?g=api&m=checkcode&a=index&length=4&font_size=20&width=248&height=42&use_noise=1&use_curve=0
INFO: [ app_init ] --START--
INFO: Run Behavior\BuildLiteBehavior [ RunTime:0.000015s ]
INFO: Run Common\Behavior\InitHookBehavior [ RunTime:0.001999s ]
INFO: [ app_init ] --END-- [ RunTime:0.002420s ]
INFO: [ app_begin ] --START--
INFO: Run Behavior\ReadHtmlCacheBehavior [ RunTime:0.000552s ]
INFO: Run Behavior\CheckLangBehavior [ RunTime:0.000939s ]
INFO: Run Common\Behavior\UrldecodeGetBehavior [ RunTime:0.000439s ]
INFO: [ app_begin ] --END-- [ RunTime:0.002027s ]
INFO: [ app_end ] --START--
INFO: Run Behavior\ShowPageTraceBehavior [ RunTime:0.000578s ]
INFO: [ app_end ] --END-- [ RunTime:0.000624s ]

[ 2018-08-28T10:07:38+08:00 ] 113.251.17.144 /index.php?g=api&m=checkcode&a=index&length=4&font_size=20&width=248&height=42&use_noise=1&use_curve=0
INFO: [ app_init ] --START--
INFO: Run Behavior\BuildLiteBehavior [ RunTime:0.000017s ]
INFO: Run Common\Behavior\InitHookBehavior [ RunTime:0.001963s ]
INFO: [ app_init ] --END-- [ RunTime:0.002405s ]
INFO: [ app_begin ] --START--
INFO: Run Behavior\ReadHtmlCacheBehavior [ RunTime:0.000573s ]
INFO: Run Behavior\CheckLangBehavior [ RunTime:0.000990s ]
INFO: Run Common\Behavior\UrldecodeGetBehavior [ RunTime:0.000769s ]
INFO: [ app_begin ] --END-- [ RunTime:0.002435s ]
INFO: [ app_end ] --START--
INFO: Run Behavior\ShowPageTraceBehavior [ RunTime:0.000745s ]
INFO: [ app_end ] --END-- [ RunTime:0.000806s ]

[ 2018-08-28T10:07:43+08:00 ] 113.251.17.144 /index.php?g=api&m=checkcode&a=index&length=4&font_size=20&width=248&height=42&use_noise=1&use_curve=0&time=0.02437949269211437
INFO: [ app_init ] --START--
INFO: Run Behavior\BuildLiteBehavior [ RunTime:0.000017s ]
INFO: Run Common\Behavior\InitHookBehavior [ RunTime:0.001965s ]
INFO: [ app_init ] --END-- [ RunTime:0.002362s ]
INFO: [ app_begin ] --START--
INFO: Run Behavior\ReadHtmlCacheBehavior [ RunTime:0.000732s ]
INFO: Run Behavior\CheckLangBehavior [ RunTime:0.001280s ]
INFO: Run Common\Behavior\UrldecodeGetBehavior [ RunTime:0.000619s ]
INFO: [ app_begin ] --END-- [ RunTime:0.002751s ]
INFO: [ app_end ] --START--
INFO: Run Behavior\ShowPageTraceBehavior [ RunTime:0.000601s ]
INFO: [ app_end ] --END-- [ RunTime:0.000654s ]

[ 2018-08-28T10:07:44+08:00 ] 113.251.17.144 /index.php?g=api&m=checkcode&a=index&length=4&font_size=20&width=248&height=42&use_noise=1&use_curve=0&time=0.6644269824334346
INFO: [ app_init ] --START--
INFO: Run Behavior\BuildLiteBehavior [ RunTime:0.000016s ]
INFO: Run Common\Behavior\InitHookBehavior [ RunTime:0.001941s ]
INFO: [ app_init ] --END-- [ RunTime:0.002348s ]
INFO: [ app_begin ] --START--
INFO: Run Behavior\ReadHtmlCacheBehavior [ RunTime:0.001033s ]
INFO: Run Behavior\CheckLangBehavior [ RunTime:0.001490s ]
INFO: Run Common\Behavior\UrldecodeGetBehavior [ RunTime:0.000698s ]
INFO: [ app_begin ] --END-- [ RunTime:0.003376s ]
INFO: [ app_end ] --START--
INFO: Run Behavior\ShowPageTraceBehavior [ RunTime:0.000835s ]
INFO: [ app_end ] --END-- [ RunTime:0.000902s ]

[ 2018-08-28T10:07:44+08:00 ] 113.251.17.144 /index.php?g=api&m=checkcode&a=index&length=4&font_size=20&width=248&height=42&use_noise=1&use_curve=0&time=0.46593342066033827
INFO: [ app_init ] --START--
INFO: Run Behavior\BuildLiteBehavior [ RunTime:0.000016s ]
INFO: Run Common\Behavior\InitHookBehavior [ RunTime:0.002109s ]
INFO: [ app_init ] --END-- [ RunTime:0.002528s ]
INFO: [ app_begin ] --START--
INFO: Run Behavior\ReadHtmlCacheBehavior [ RunTime:0.000678s ]
INFO: Run Behavior\CheckLangBehavior [ RunTime:0.001051s ]
INFO: Run Common\Behavior\UrldecodeGetBehavior [ RunTime:0.000571s ]
INFO: [ app_begin ] --END-- [ RunTime:0.002400s ]
INFO: [ app_end ] --START--
INFO: Run Behavior\ShowPageTraceBehavior [ RunTime:0.000639s ]
INFO: [ app_end ] --END-- [ RunTime:0.000687s ]

[ 2018-08-28T10:07:45+08:00 ] 113.251.17.144 /index.php?g=api&m=checkcode&a=index&length=4&font_size=20&width=248&height=42&use_noise=1&use_curve=0&time=0.22574359409228162
INFO: [ app_init ] --START--
INFO: Run Behavior\BuildLiteBehavior [ RunTime:0.000016s ]
INFO: Run Common\Behavior\InitHookBehavior [ RunTime:0.002006s ]
INFO: [ app_init ] --END-- [ RunTime:0.002397s ]
INFO: [ app_begin ] --START--
INFO: Run Behavior\ReadHtmlCacheBehavior [ RunTime:0.000683s ]
INFO: Run Behavior\CheckLangBehavior [ RunTime:0.001055s ]
INFO: Run Common\Behavior\UrldecodeGetBehavior [ RunTime:0.000579s ]
INFO: [ app_begin ] --END-- [ RunTime:0.002423s ]
INFO: [ app_end ] --START--
INFO: Run Behavior\ShowPageTraceBehavior [ RunTime:0.000749s ]
INFO: [ app_end ] --END-- [ RunTime:0.000806s ]

[ 2018-08-28T10:07:45+08:00 ] 113.251.17.144 /index.php?g=api&m=checkcode&a=index&length=4&font_size=20&width=248&height=42&use_noise=1&use_curve=0&time=0.2508557423364448
INFO: [ app_init ] --START--
INFO: Run Behavior\BuildLiteBehavior [ RunTime:0.000015s ]
INFO: Run Common\Behavior\InitHookBehavior [ RunTime:0.001933s ]
INFO: [ app_init ] --END-- [ RunTime:0.002329s ]
INFO: [ app_begin ] --START--
INFO: Run Behavior\ReadHtmlCacheBehavior [ RunTime:0.000832s ]
INFO: Run Behavior\CheckLangBehavior [ RunTime:0.001002s ]
INFO: Run Common\Behavior\UrldecodeGetBehavior [ RunTime:0.000486s ]
INFO: [ app_begin ] --END-- [ RunTime:0.002428s ]
INFO: [ app_end ] --START--
INFO: Run Behavior\ShowPageTraceBehavior [ RunTime:0.000604s ]
INFO: [ app_end ] --END-- [ RunTime:0.000650s ]

[ 2018-08-28T10:10:21+08:00 ] 113.251.17.144 /index.php?g=api&m=checkcode&a=index&length=4&font_size=20&width=248&height=42&use_noise=1&use_curve=0
INFO: [ app_init ] --START--
INFO: Run Behavior\BuildLiteBehavior [ RunTime:0.000022s ]
INFO: Run Common\Behavior\InitHookBehavior [ RunTime:0.003038s ]
INFO: [ app_init ] --END-- [ RunTime:0.003792s ]
INFO: [ app_begin ] --START--
INFO: Run Behavior\ReadHtmlCacheBehavior [ RunTime:0.000740s ]
INFO: Run Behavior\CheckLangBehavior [ RunTime:0.001312s ]
INFO: Run Common\Behavior\UrldecodeGetBehavior [ RunTime:0.000665s ]
INFO: [ app_begin ] --END-- [ RunTime:0.002830s ]
INFO: [ app_end ] --START--
INFO: Run Behavior\ShowPageTraceBehavior [ RunTime:0.000862s ]
INFO: [ app_end ] --END-- [ RunTime:0.000919s ]

[ 2018-08-28T10:13:18+08:00 ] 113.251.17.144 /index.php?g=api&m=checkcode&a=index&length=4&font_size=20&width=248&height=42&use_noise=1&use_curve=0&time=0.5009330239563301
INFO: [ app_init ] --START--
INFO: Run Behavior\BuildLiteBehavior [ RunTime:0.000016s ]
INFO: Run Common\Behavior\InitHookBehavior [ RunTime:0.002110s ]
INFO: [ app_init ] --END-- [ RunTime:0.002562s ]
INFO: [ app_begin ] --START--
INFO: Run Behavior\ReadHtmlCacheBehavior [ RunTime:0.000569s ]
INFO: Run Behavior\CheckLangBehavior [ RunTime:0.000984s ]
INFO: Run Common\Behavior\UrldecodeGetBehavior [ RunTime:0.000494s ]
INFO: [ app_begin ] --END-- [ RunTime:0.002161s ]
INFO: [ app_end ] --START--
INFO: Run Behavior\ShowPageTraceBehavior [ RunTime:0.000576s ]
INFO: [ app_end ] --END-- [ RunTime:0.000630s ]

[ 2018-08-28T10:13:22+08:00 ] 113.251.17.144 /index.php?g=api&m=checkcode&a=index&length=4&font_size=20&width=248&height=42&use_noise=1&use_curve=0&time=0.9455356987555692
INFO: [ app_init ] --START--
INFO: Run Behavior\BuildLiteBehavior [ RunTime:0.000015s ]
INFO: Run Common\Behavior\InitHookBehavior [ RunTime:0.001903s ]
INFO: [ app_init ] --END-- [ RunTime:0.002294s ]
INFO: [ app_begin ] --START--
INFO: Run Behavior\ReadHtmlCacheBehavior [ RunTime:0.000844s ]
INFO: Run Behavior\CheckLangBehavior [ RunTime:0.001274s ]
INFO: Run Common\Behavior\UrldecodeGetBehavior [ RunTime:0.000632s ]
INFO: [ app_begin ] --END-- [ RunTime:0.002966s ]
INFO: [ app_end ] --START--
INFO: Run Behavior\ShowPageTraceBehavior [ RunTime:0.000626s ]
INFO: [ app_end ] --END-- [ RunTime:0.000674s ]

[ 2018-08-28T10:13:27+08:00 ] 113.251.17.144 /index.php?g=api&m=checkcode&a=index&length=4&font_size=20&width=248&height=42&use_noise=1&use_curve=0&time=0.9455356987555692
INFO: [ app_init ] --START--
INFO: Run Behavior\BuildLiteBehavior [ RunTime:0.000017s ]
INFO: Run Common\Behavior\InitHookBehavior [ RunTime:0.003268s ]
INFO: [ app_init ] --END-- [ RunTime:0.003917s ]
INFO: [ app_begin ] --START--
INFO: Run Behavior\ReadHtmlCacheBehavior [ RunTime:0.001439s ]
INFO: Run Behavior\CheckLangBehavior [ RunTime:0.001654s ]
INFO: Run Common\Behavior\UrldecodeGetBehavior [ RunTime:0.000670s ]
INFO: [ app_begin ] --END-- [ RunTime:0.003881s ]
INFO: [ app_end ] --START--
INFO: Run Behavior\ShowPageTraceBehavior [ RunTime:0.001212s ]
INFO: [ app_end ] --END-- [ RunTime:0.001273s ]

[ 2018-08-28T10:48:06+08:00 ] 113.251.17.144 /index.php?g=api&m=checkcode&a=index&length=4&font_size=20&width=248&height=42&use_noise=1&use_curve=0&time=0.9805516664919194
INFO: [ app_init ] --START--
INFO: Run Behavior\BuildLiteBehavior [ RunTime:0.000016s ]
INFO: Run Common\Behavior\InitHookBehavior [ RunTime:0.002176s ]
INFO: [ app_init ] --END-- [ RunTime:0.002608s ]
INFO: [ app_begin ] --START--
INFO: Run Behavior\ReadHtmlCacheBehavior [ RunTime:0.000585s ]
INFO: Run Behavior\CheckLangBehavior [ RunTime:0.001062s ]
INFO: Run Common\Behavior\UrldecodeGetBehavior [ RunTime:0.000532s ]
INFO: [ app_begin ] --END-- [ RunTime:0.002282s ]
INFO: [ app_end ] --START--
INFO: Run Behavior\ShowPageTraceBehavior [ RunTime:0.000626s ]
INFO: [ app_end ] --END-- [ RunTime:0.000674s ]

[ 2018-08-28T11:40:15+08:00 ] 113.251.17.144 /index.php?g=api&m=checkcode&a=index&length=4&font_size=20&width=248&height=42&use_noise=1&use_curve=0
INFO: [ app_init ] --START--
INFO: Run Behavior\BuildLiteBehavior [ RunTime:0.000014s ]
INFO: Run Common\Behavior\InitHookBehavior [ RunTime:0.001798s ]
INFO: [ app_init ] --END-- [ RunTime:0.002183s ]
INFO: [ app_begin ] --START--
INFO: Run Behavior\ReadHtmlCacheBehavior [ RunTime:0.000484s ]
INFO: Run Behavior\CheckLangBehavior [ RunTime:0.000867s ]
INFO: Run Common\Behavior\UrldecodeGetBehavior [ RunTime:0.000401s ]
INFO: [ app_begin ] --END-- [ RunTime:0.001855s ]
INFO: [ app_end ] --START--
INFO: Run Behavior\ShowPageTraceBehavior [ RunTime:0.000593s ]
INFO: [ app_end ] --END-- [ RunTime:0.000655s ]

[ 2018-08-28T11:40:22+08:00 ] 113.251.17.144 /index.php?g=api&m=checkcode&a=index&length=4&font_size=20&width=248&height=42&use_noise=1&use_curve=0&refresh=0.8004265225455987
INFO: [ app_init ] --START--
INFO: Run Behavior\BuildLiteBehavior [ RunTime:0.000016s ]
INFO: Run Common\Behavior\InitHookBehavior [ RunTime:0.001779s ]
INFO: [ app_init ] --END-- [ RunTime:0.002160s ]
INFO: [ app_begin ] --START--
INFO: Run Behavior\ReadHtmlCacheBehavior [ RunTime:0.000484s ]
INFO: Run Behavior\CheckLangBehavior [ RunTime:0.000883s ]
INFO: Run Common\Behavior\UrldecodeGetBehavior [ RunTime:0.000399s ]
INFO: [ app_begin ] --END-- [ RunTime:0.001865s ]
INFO: [ app_end ] --START--
INFO: Run Behavior\ShowPageTraceBehavior [ RunTime:0.000415s ]
INFO: [ app_end ] --END-- [ RunTime:0.000461s ]

[ 2018-08-28T11:40:27+08:00 ] 113.251.17.144 /index.php?g=api&m=checkcode&a=index&length=4&font_size=20&width=248&height=42&use_noise=1&use_curve=0&refresh=0.8004265225455987&refresh=0.08848272444693461
INFO: [ app_init ] --START--
INFO: Run Behavior\BuildLiteBehavior [ RunTime:0.000015s ]
INFO: Run Common\Behavior\InitHookBehavior [ RunTime:0.001957s ]
INFO: [ app_init ] --END-- [ RunTime:0.002374s ]
INFO: [ app_begin ] --START--
INFO: Run Behavior\ReadHtmlCacheBehavior [ RunTime:0.000567s ]
INFO: Run Behavior\CheckLangBehavior [ RunTime:0.001021s ]
INFO: Run Common\Behavior\UrldecodeGetBehavior [ RunTime:0.000362s ]
INFO: [ app_begin ] --END-- [ RunTime:0.002053s ]
INFO: [ app_end ] --START--
INFO: Run Behavior\ShowPageTraceBehavior [ RunTime:0.000557s ]
INFO: [ app_end ] --END-- [ RunTime:0.000604s ]

[ 2018-08-28T11:45:35+08:00 ] 203.119.132.48 /index.php?g=api&m=checkcode&a=index&length=4&font_size=20&width=248&height=42&use_noise=1&use_curve=0
INFO: [ app_init ] --START--
INFO: Run Behavior\BuildLiteBehavior [ RunTime:0.000019s ]
INFO: Run Common\Behavior\InitHookBehavior [ RunTime:0.001670s ]
INFO: [ app_init ] --END-- [ RunTime:0.002095s ]
INFO: [ app_begin ] --START--
INFO: Run Behavior\ReadHtmlCacheBehavior [ RunTime:0.000592s ]
INFO: Run Behavior\CheckLangBehavior [ RunTime:0.000885s ]
INFO: Run Common\Behavior\UrldecodeGetBehavior [ RunTime:0.000301s ]
INFO: [ app_begin ] --END-- [ RunTime:0.001892s ]
INFO: [ app_end ] --START--
INFO: Run Behavior\ShowPageTraceBehavior [ RunTime:0.000672s ]
INFO: [ app_end ] --END-- [ RunTime:0.000743s ]

[ 2018-08-28T11:45:58+08:00 ] 113.251.17.144 /index.php?g=api&m=checkcode&a=index&length=4&font_size=20&width=248&height=42&use_noise=1&use_curve=0
INFO: [ app_init ] --START--
INFO: Run Behavior\BuildLiteBehavior [ RunTime:0.000014s ]
INFO: Run Common\Behavior\InitHookBehavior [ RunTime:0.001564s ]
INFO: [ app_init ] --END-- [ RunTime:0.001916s ]
INFO: [ app_begin ] --START--
INFO: Run Behavior\ReadHtmlCacheBehavior [ RunTime:0.000493s ]
INFO: Run Behavior\CheckLangBehavior [ RunTime:0.000711s ]
INFO: Run Common\Behavior\UrldecodeGetBehavior [ RunTime:0.000363s ]
INFO: [ app_begin ] --END-- [ RunTime:0.001673s ]
INFO: [ app_end ] --START--
INFO: Run Behavior\ShowPageTraceBehavior [ RunTime:0.000648s ]
INFO: [ app_end ] --END-- [ RunTime:0.000707s ]

[ 2018-08-28T11:46:05+08:00 ] 113.251.17.144 /index.php?g=api&m=checkcode&a=index&length=4&font_size=20&width=248&height=42&use_noise=1&use_curve=0&time=0.8180855115290979
INFO: [ app_init ] --START--
INFO: Run Behavior\BuildLiteBehavior [ RunTime:0.000018s ]
INFO: Run Common\Behavior\InitHookBehavior [ RunTime:0.001588s ]
INFO: [ app_init ] --END-- [ RunTime:0.002051s ]
INFO: [ app_begin ] --START--
INFO: Run Behavior\ReadHtmlCacheBehavior [ RunTime:0.000522s ]
INFO: Run Behavior\CheckLangBehavior [ RunTime:0.000932s ]
INFO: Run Common\Behavior\UrldecodeGetBehavior [ RunTime:0.000394s ]
INFO: [ app_begin ] --END-- [ RunTime:0.001970s ]
INFO: [ app_end ] --START--
INFO: Run Behavior\ShowPageTraceBehavior [ RunTime:0.000605s ]
INFO: [ app_end ] --END-- [ RunTime:0.000670s ]

