[ 2018-08-30T04:41:45+08:00 ] 140.205.205.25 /
INFO: [ app_init ] --START--
INFO: Run Behavior\BuildLiteBehavior [ RunTime:0.000020s ]
INFO: Run Common\Behavior\InitHookBehavior [ RunTime:0.049762s ]
INFO: [ app_init ] --END-- [ RunTime:0.051628s ]
INFO: [ app_begin ] --START--
INFO: Run Behavior\ReadHtmlCacheBehavior [ RunTime:0.016974s ]
INFO: Run Behavior\CheckLangBehavior [ RunTime:0.020982s ]
INFO: Run Common\Behavior\UrldecodeGetBehavior [ RunTime:0.010308s ]
INFO: [ app_begin ] --END-- [ RunTime:0.048401s ]
INFO: [ view_parse ] --START--
INFO: [ template_filter ] --START--
INFO: Run Behavior\ContentReplaceBehavior [ RunTime:0.000059s ]
INFO: [ template_filter ] --END-- [ RunTime:0.000111s ]
INFO: Run Behavior\ParseTemplateBehavior [ RunTime:0.136344s ]
INFO: [ view_parse ] --END-- [ RunTime:0.136416s ]
INFO: [ view_filter ] --START--
INFO: Run Behavior\WriteHtmlCacheBehavior [ RunTime:0.010892s ]
INFO: Run Common\Behavior\TmplStripSpaceBehavior [ RunTime:0.001753s ]
INFO: [ view_filter ] --END-- [ RunTime:0.012729s ]
INFO: [ app_end ] --START--
INFO: Run Behavior\ShowPageTraceBehavior [ RunTime:0.002070s ]
INFO: [ app_end ] --END-- [ RunTime:0.002116s ]

