[ 2018-08-28T09:16:53+08:00 ] 113.251.17.144 /
INFO: [ app_init ] --START--
INFO: Run Behavior\BuildLiteBehavior [ RunTime:0.000016s ]
INFO: Run Common\Behavior\InitHookBehavior [ RunTime:0.002062s ]
INFO: [ app_init ] --END-- [ RunTime:0.002507s ]
INFO: [ app_begin ] --START--
INFO: Run Behavior\ReadHtmlCacheBehavior [ RunTime:0.000536s ]
INFO: Run Behavior\CheckLangBehavior [ RunTime:0.001249s ]
INFO: Run Common\Behavior\UrldecodeGetBehavior [ RunTime:0.000426s ]
INFO: [ app_begin ] --END-- [ RunTime:0.002311s ]
INFO: [ view_parse ] --START--
INFO: [ template_filter ] --START--
INFO: Run Behavior\ContentReplaceBehavior [ RunTime:0.000061s ]
INFO: [ template_filter ] --END-- [ RunTime:0.000117s ]
INFO: Run Behavior\ParseTemplateBehavior [ RunTime:0.038238s ]
INFO: [ view_parse ] --END-- [ RunTime:0.038300s ]
INFO: [ view_filter ] --START--
INFO: Run Behavior\WriteHtmlCacheBehavior [ RunTime:0.000418s ]
INFO: Run Common\Behavior\TmplStripSpaceBehavior [ RunTime:0.000548s ]
INFO: [ view_filter ] --END-- [ RunTime:0.001032s ]
INFO: [ app_end ] --START--
INFO: Run Behavior\ShowPageTraceBehavior [ RunTime:0.000578s ]
INFO: [ app_end ] --END-- [ RunTime:0.000614s ]

[ 2018-08-28T09:16:53+08:00 ] 113.251.17.144 /favicon.ico
INFO: [ app_init ] --START--
INFO: Run Behavior\BuildLiteBehavior [ RunTime:0.000016s ]
INFO: Run Common\Behavior\InitHookBehavior [ RunTime:0.001966s ]
INFO: [ app_init ] --END-- [ RunTime:0.002383s ]

[ 2018-08-28T09:19:12+08:00 ] 113.251.17.144 /favicon.ico
INFO: [ app_init ] --START--
INFO: Run Behavior\BuildLiteBehavior [ RunTime:0.000016s ]
INFO: Run Common\Behavior\InitHookBehavior [ RunTime:0.003398s ]
INFO: [ app_init ] --END-- [ RunTime:0.003984s ]

[ 2018-08-28T09:19:52+08:00 ] 113.251.17.144 /favicon.ico
INFO: [ app_init ] --START--
INFO: Run Behavior\BuildLiteBehavior [ RunTime:0.000020s ]
INFO: Run Common\Behavior\InitHookBehavior [ RunTime:0.003715s ]
INFO: [ app_init ] --END-- [ RunTime:0.004487s ]

[ 2018-08-28T09:20:36+08:00 ] 113.251.17.144 /favicon.ico
INFO: [ app_init ] --START--
INFO: Run Behavior\BuildLiteBehavior [ RunTime:0.000017s ]
INFO: Run Common\Behavior\InitHookBehavior [ RunTime:0.002855s ]
INFO: [ app_init ] --END-- [ RunTime:0.003457s ]

[ 2018-08-28T09:57:38+08:00 ] 113.251.17.144 /
INFO: [ app_init ] --START--
INFO: Run Behavior\BuildLiteBehavior [ RunTime:0.000018s ]
INFO: Run Common\Behavior\InitHookBehavior [ RunTime:0.002891s ]
INFO: [ app_init ] --END-- [ RunTime:0.003687s ]
INFO: [ app_begin ] --START--
INFO: Run Behavior\ReadHtmlCacheBehavior [ RunTime:0.000835s ]
INFO: Run Behavior\CheckLangBehavior [ RunTime:0.001349s ]
INFO: Run Common\Behavior\UrldecodeGetBehavior [ RunTime:0.000611s ]
INFO: [ app_begin ] --END-- [ RunTime:0.002893s ]
INFO: [ view_parse ] --START--
INFO: [ template_filter ] --START--
INFO: Run Behavior\ContentReplaceBehavior [ RunTime:0.000043s ]
INFO: [ template_filter ] --END-- [ RunTime:0.000084s ]
INFO: Run Behavior\ParseTemplateBehavior [ RunTime:0.036740s ]
INFO: [ view_parse ] --END-- [ RunTime:0.036782s ]
INFO: [ view_filter ] --START--
INFO: Run Behavior\WriteHtmlCacheBehavior [ RunTime:0.000698s ]
INFO: Run Common\Behavior\TmplStripSpaceBehavior [ RunTime:0.000640s ]
INFO: [ view_filter ] --END-- [ RunTime:0.001403s ]
INFO: [ app_end ] --START--
INFO: Run Behavior\ShowPageTraceBehavior [ RunTime:0.001072s ]
INFO: [ app_end ] --END-- [ RunTime:0.001108s ]

[ 2018-08-28T10:00:24+08:00 ] 113.251.17.144 /g=api&m=checkcode&a=index&length=4&font_size=20&width=248&height=42&use_noise=1&use_curve=0
INFO: [ app_init ] --START--
INFO: Run Behavior\BuildLiteBehavior [ RunTime:0.000018s ]
INFO: Run Common\Behavior\InitHookBehavior [ RunTime:0.003201s ]
INFO: [ app_init ] --END-- [ RunTime:0.003883s ]
INFO: [ app_begin ] --START--
INFO: Run Behavior\ReadHtmlCacheBehavior [ RunTime:0.000928s ]
INFO: Run Behavior\CheckLangBehavior [ RunTime:0.002007s ]
INFO: Run Common\Behavior\UrldecodeGetBehavior [ RunTime:0.000837s ]
INFO: [ app_begin ] --END-- [ RunTime:0.003889s ]
ERR: 无法加载控制器:G=api

[ 2018-08-28T10:07:39+08:00 ] 113.251.17.144 /favicon.ico
INFO: [ app_init ] --START--
INFO: Run Behavior\BuildLiteBehavior [ RunTime:0.000019s ]
INFO: Run Common\Behavior\InitHookBehavior [ RunTime:0.002775s ]
INFO: [ app_init ] --END-- [ RunTime:0.003278s ]

[ 2018-08-28T10:10:15+08:00 ] 113.251.17.144 /favicon.ico
INFO: [ app_init ] --START--
INFO: Run Behavior\BuildLiteBehavior [ RunTime:0.000016s ]
INFO: Run Common\Behavior\InitHookBehavior [ RunTime:0.002252s ]
INFO: [ app_init ] --END-- [ RunTime:0.002724s ]

[ 2018-08-28T11:43:49+08:00 ] 113.251.17.144 /data/upload/admin/20180827/5b83bacf802c8.jpg
INFO: [ app_init ] --START--
INFO: Run Behavior\BuildLiteBehavior [ RunTime:0.000016s ]
INFO: Run Common\Behavior\InitHookBehavior [ RunTime:0.001300s ]
INFO: [ app_init ] --END-- [ RunTime:0.001634s ]

[ 2018-08-28T11:45:51+08:00 ] 113.251.17.144 /
INFO: [ app_init ] --START--
INFO: Run Behavior\BuildLiteBehavior [ RunTime:0.000015s ]
INFO: Run Common\Behavior\InitHookBehavior [ RunTime:0.001364s ]
INFO: [ app_init ] --END-- [ RunTime:0.001756s ]
INFO: [ app_begin ] --START--
INFO: Run Behavior\ReadHtmlCacheBehavior [ RunTime:0.000405s ]
INFO: Run Behavior\CheckLangBehavior [ RunTime:0.000761s ]
INFO: Run Common\Behavior\UrldecodeGetBehavior [ RunTime:0.000299s ]
INFO: [ app_begin ] --END-- [ RunTime:0.001575s ]
INFO: [ view_parse ] --START--
INFO: [ template_filter ] --START--
INFO: Run Behavior\ContentReplaceBehavior [ RunTime:0.000040s ]
INFO: [ template_filter ] --END-- [ RunTime:0.000080s ]
INFO: Run Behavior\ParseTemplateBehavior [ RunTime:0.027386s ]
INFO: [ view_parse ] --END-- [ RunTime:0.027436s ]
INFO: [ view_filter ] --START--
INFO: Run Behavior\WriteHtmlCacheBehavior [ RunTime:0.000392s ]
INFO: Run Common\Behavior\TmplStripSpaceBehavior [ RunTime:0.000428s ]
INFO: [ view_filter ] --END-- [ RunTime:0.000879s ]
INFO: [ app_end ] --START--
INFO: Run Behavior\ShowPageTraceBehavior [ RunTime:0.000551s ]
INFO: [ app_end ] --END-- [ RunTime:0.000592s ]

[ 2018-08-28T11:46:34+08:00 ] 113.251.17.144 /data/upload/admin/20180827/5b83bacf802c8.jpg
INFO: [ app_init ] --START--
INFO: Run Behavior\BuildLiteBehavior [ RunTime:0.000021s ]
INFO: Run Common\Behavior\InitHookBehavior [ RunTime:0.001368s ]
INFO: [ app_init ] --END-- [ RunTime:0.001733s ]

