[ 2018-08-29T08:58:41+08:00 ] 113.251.21.183 /admin/index/index
INFO: [ app_init ] --START--
INFO: Run Behavior\BuildLiteBehavior [ RunTime:0.000015s ]
INFO: Run Common\Behavior\InitHookBehavior [ RunTime:0.002230s ]
INFO: [ app_init ] --END-- [ RunTime:0.002749s ]
INFO: [ app_begin ] --START--
INFO: Run Behavior\ReadHtmlCacheBehavior [ RunTime:0.000674s ]
INFO: Run Behavior\CheckLangBehavior [ RunTime:0.013746s ]
INFO: Run Common\Behavior\UrldecodeGetBehavior [ RunTime:0.000540s ]
INFO: [ app_begin ] --END-- [ RunTime:0.015105s ]
INFO: [ admin_begin ] --START--
INFO: Run Common\Behavior\AdminDefaultLangBehavior [ RunTime:0.002895s ]
INFO: [ admin_begin ] --END-- [ RunTime:0.003042s ]

[ 2018-08-29T08:58:43+08:00 ] 113.251.21.183 /index.php?g=admin&m=public&a=login
INFO: [ app_init ] --START--
INFO: Run Behavior\BuildLiteBehavior [ RunTime:0.000024s ]
INFO: Run Common\Behavior\InitHookBehavior [ RunTime:0.002317s ]
INFO: [ app_init ] --END-- [ RunTime:0.002783s ]
INFO: [ app_begin ] --START--
INFO: Run Behavior\ReadHtmlCacheBehavior [ RunTime:0.000736s ]
INFO: Run Behavior\CheckLangBehavior [ RunTime:0.001589s ]
INFO: Run Common\Behavior\UrldecodeGetBehavior [ RunTime:0.000730s ]
INFO: [ app_begin ] --END-- [ RunTime:0.003295s ]
INFO: [ admin_begin ] --START--
INFO: Run Common\Behavior\AdminDefaultLangBehavior [ RunTime:0.001155s ]
INFO: [ admin_begin ] --END-- [ RunTime:0.001216s ]
SQL: SHOW COLUMNS FROM `dqc_options` [ RunTime:0.0279s ]
SQL: SELECT `option_value` FROM `dqc_options` WHERE `option_name` = 'cdn_settings' LIMIT 1   [ RunTime:0.0003s ]
INFO: [ view_parse ] --START--
INFO: [ template_filter ] --START--
INFO: Run Behavior\ContentReplaceBehavior [ RunTime:0.000091s ]
INFO: [ template_filter ] --END-- [ RunTime:0.000149s ]
INFO: Run Behavior\ParseTemplateBehavior [ RunTime:0.053410s ]
INFO: [ view_parse ] --END-- [ RunTime:0.053476s ]
INFO: [ view_filter ] --START--
INFO: Run Behavior\WriteHtmlCacheBehavior [ RunTime:0.000503s ]
INFO: Run Common\Behavior\TmplStripSpaceBehavior [ RunTime:0.000446s ]
INFO: [ view_filter ] --END-- [ RunTime:0.001020s ]
INFO: [ app_end ] --START--
INFO: Run Behavior\ShowPageTraceBehavior [ RunTime:0.000556s ]
INFO: [ app_end ] --END-- [ RunTime:0.000600s ]

[ 2018-08-29T08:58:55+08:00 ] 113.251.21.183 /index.php?g=Admin&m=public&a=dologin
INFO: [ app_init ] --START--
INFO: Run Behavior\BuildLiteBehavior [ RunTime:0.000016s ]
INFO: Run Common\Behavior\InitHookBehavior [ RunTime:0.002218s ]
INFO: [ app_init ] --END-- [ RunTime:0.002719s ]
INFO: [ app_begin ] --START--
INFO: Run Behavior\ReadHtmlCacheBehavior [ RunTime:0.000563s ]
INFO: Run Behavior\CheckLangBehavior [ RunTime:0.001329s ]
INFO: Run Common\Behavior\UrldecodeGetBehavior [ RunTime:0.000469s ]
INFO: [ app_begin ] --END-- [ RunTime:0.002479s ]
INFO: [ admin_begin ] --START--
INFO: Run Common\Behavior\AdminDefaultLangBehavior [ RunTime:0.001152s ]
INFO: [ admin_begin ] --END-- [ RunTime:0.001207s ]
SQL: SHOW COLUMNS FROM `dqc_users` [ RunTime:0.0299s ]
SQL: SELECT * FROM `dqc_users` WHERE `user_login` = 'admin' LIMIT 1   [ RunTime:0.0005s ]
SQL: SHOW COLUMNS FROM `dqc_role_user` [ RunTime:0.0235s ]
SQL: SELECT `role_id` FROM dqc_role_user a INNER JOIN dqc_role as b on a.role_id =b.id  WHERE `user_id` = '1' AND `status` = 1  [ RunTime:0.0105s ]
SQL: UPDATE `dqc_users` SET `user_login`='admin',`user_pass`='###3d06ced26bf5f510f44de2917f36db90',`user_nicename`='admin',`user_email`='136263676@qq.com',`user_url`='',`avatar`=NULL,`sex`='0',`birthday`='2000-01-01',`signature`=NULL,`last_login_ip`='113.251.21.183',`last_login_time`='2018-08-29 08:58:55',`create_time`='2018-08-13 10:12:43',`user_activation_key`='',`user_status`='1',`score`='0',`user_type`='1',`coin`='0',`mobile`='' WHERE `id` = '1' [ RunTime:0.0005s ]

[ 2018-08-29T08:58:56+08:00 ] 113.251.21.183 /index.php?g=Admin&m=Index&a=index
INFO: [ app_init ] --START--
INFO: Run Behavior\BuildLiteBehavior [ RunTime:0.000017s ]
INFO: Run Common\Behavior\InitHookBehavior [ RunTime:0.002072s ]
INFO: [ app_init ] --END-- [ RunTime:0.002560s ]
INFO: [ app_begin ] --START--
INFO: Run Behavior\ReadHtmlCacheBehavior [ RunTime:0.000507s ]
INFO: Run Behavior\CheckLangBehavior [ RunTime:0.001381s ]
INFO: Run Common\Behavior\UrldecodeGetBehavior [ RunTime:0.000466s ]
INFO: [ app_begin ] --END-- [ RunTime:0.002481s ]
INFO: [ admin_begin ] --START--
INFO: Run Common\Behavior\AdminDefaultLangBehavior [ RunTime:0.001176s ]
INFO: [ admin_begin ] --END-- [ RunTime:0.001232s ]
SQL: SHOW COLUMNS FROM `dqc_users` [ RunTime:0.0157s ]
SQL: SELECT * FROM `dqc_users` WHERE `id` = '1' LIMIT 1   [ RunTime:0.0004s ]
SQL: SHOW COLUMNS FROM `dqc_menu` [ RunTime:0.0216s ]
SQL: SELECT * FROM `dqc_menu` WHERE `parentid` = 0 AND `status` = 1 ORDER BY `listorder` ASC  [ RunTime:0.0005s ]
SQL: SELECT * FROM `dqc_menu` WHERE `parentid` = 237 AND `status` = 1 ORDER BY `listorder` ASC  [ RunTime:0.0005s ]
SQL: SELECT * FROM `dqc_menu` WHERE `parentid` = 238 AND `status` = 1 ORDER BY `listorder` ASC  [ RunTime:0.0002s ]
SQL: SELECT * FROM `dqc_menu` WHERE `parentid` = 240 AND `status` = 1 ORDER BY `listorder` ASC  [ RunTime:0.0002s ]
SQL: SELECT * FROM `dqc_menu` WHERE `parentid` = 242 AND `status` = 1 ORDER BY `listorder` ASC  [ RunTime:0.0002s ]
SQL: SELECT * FROM `dqc_menu` WHERE `parentid` = 244 AND `status` = 1 ORDER BY `listorder` ASC  [ RunTime:0.0003s ]
SQL: SELECT * FROM `dqc_menu` WHERE `parentid` = 246 AND `status` = 1 ORDER BY `listorder` ASC  [ RunTime:0.0002s ]
SQL: SELECT * FROM `dqc_menu` WHERE `parentid` = 264 AND `status` = 1 ORDER BY `listorder` ASC  [ RunTime:0.0003s ]
SQL: SELECT * FROM `dqc_menu` WHERE `parentid` = 265 AND `status` = 1 ORDER BY `listorder` ASC  [ RunTime:0.0002s ]
SQL: SELECT * FROM `dqc_menu` WHERE `parentid` = 266 AND `status` = 1 ORDER BY `listorder` ASC  [ RunTime:0.0002s ]
SQL: SELECT * FROM `dqc_menu` WHERE `parentid` = 267 AND `status` = 1 ORDER BY `listorder` ASC  [ RunTime:0.0002s ]
SQL: SELECT * FROM `dqc_menu` WHERE `parentid` = 268 AND `status` = 1 ORDER BY `listorder` ASC  [ RunTime:0.0002s ]
SQL: SELECT * FROM `dqc_menu` WHERE `parentid` = 305 AND `status` = 1 ORDER BY `listorder` ASC  [ RunTime:0.0003s ]
SQL: SELECT * FROM `dqc_menu` WHERE `parentid` = 306 AND `status` = 1 ORDER BY `listorder` ASC  [ RunTime:0.0003s ]
SQL: SELECT * FROM `dqc_menu` WHERE `parentid` = 307 AND `status` = 1 ORDER BY `listorder` ASC  [ RunTime:0.0002s ]
SQL: SELECT * FROM `dqc_menu` WHERE `parentid` = 308 AND `status` = 1 ORDER BY `listorder` ASC  [ RunTime:0.0002s ]
SQL: SELECT * FROM `dqc_menu` WHERE `parentid` = 132 AND `status` = 1 ORDER BY `listorder` ASC  [ RunTime:0.0003s ]
SQL: SELECT * FROM `dqc_menu` WHERE `parentid` = 140 AND `status` = 1 ORDER BY `listorder` ASC  [ RunTime:0.0003s ]
SQL: SELECT * FROM `dqc_menu` WHERE `parentid` = 149 AND `status` = 1 ORDER BY `listorder` ASC  [ RunTime:0.0002s ]
SQL: SELECT * FROM `dqc_menu` WHERE `parentid` = 85 AND `status` = 1 ORDER BY `listorder` ASC  [ RunTime:0.0002s ]
SQL: SELECT * FROM `dqc_menu` WHERE `parentid` = 100 AND `status` = 1 ORDER BY `listorder` ASC  [ RunTime:0.0002s ]
SQL: SHOW COLUMNS FROM `dqc_options` [ RunTime:0.0098s ]
SQL: SELECT `option_value` FROM `dqc_options` WHERE `option_name` = 'cdn_settings' LIMIT 1   [ RunTime:0.0001s ]
INFO: [ view_parse ] --START--
INFO: [ template_filter ] --START--
INFO: Run Behavior\ContentReplaceBehavior [ RunTime:0.000143s ]
INFO: [ template_filter ] --END-- [ RunTime:0.000225s ]
INFO: Run Behavior\ParseTemplateBehavior [ RunTime:0.112174s ]
INFO: [ view_parse ] --END-- [ RunTime:0.112324s ]
INFO: [ view_filter ] --START--
INFO: Run Behavior\WriteHtmlCacheBehavior [ RunTime:0.000486s ]
INFO: Run Common\Behavior\TmplStripSpaceBehavior [ RunTime:0.000511s ]
INFO: [ view_filter ] --END-- [ RunTime:0.001079s ]
INFO: [ app_end ] --START--
INFO: Run Behavior\ShowPageTraceBehavior [ RunTime:0.000559s ]
INFO: [ app_end ] --END-- [ RunTime:0.000721s ]

[ 2018-08-29T08:58:59+08:00 ] 113.251.21.183 /index.php?g=Admin&m=Main&a=index
INFO: [ app_init ] --START--
INFO: Run Behavior\BuildLiteBehavior [ RunTime:0.000017s ]
INFO: Run Common\Behavior\InitHookBehavior [ RunTime:0.002029s ]
INFO: [ app_init ] --END-- [ RunTime:0.002518s ]
INFO: [ app_begin ] --START--
INFO: Run Behavior\ReadHtmlCacheBehavior [ RunTime:0.000540s ]
INFO: Run Behavior\CheckLangBehavior [ RunTime:0.003828s ]
INFO: Run Common\Behavior\UrldecodeGetBehavior [ RunTime:0.000410s ]
INFO: [ app_begin ] --END-- [ RunTime:0.004890s ]
INFO: [ admin_begin ] --START--
INFO: Run Common\Behavior\AdminDefaultLangBehavior [ RunTime:0.001545s ]
INFO: [ admin_begin ] --END-- [ RunTime:0.001643s ]
SQL: SHOW COLUMNS FROM `dqc_users` [ RunTime:0.0153s ]
SQL: SELECT * FROM `dqc_users` WHERE `id` = '1' LIMIT 1   [ RunTime:0.0003s ]
SQL: select VERSION() as version [ RunTime:0.0001s ]
SQL: SHOW COLUMNS FROM `dqc_options` [ RunTime:0.0111s ]
SQL: SELECT `option_value` FROM `dqc_options` WHERE `option_name` = 'cdn_settings' LIMIT 1   [ RunTime:0.0001s ]
INFO: [ view_parse ] --START--
INFO: [ template_filter ] --START--
INFO: Run Behavior\ContentReplaceBehavior [ RunTime:0.000071s ]
INFO: [ template_filter ] --END-- [ RunTime:0.000120s ]
INFO: Run Behavior\ParseTemplateBehavior [ RunTime:0.067914s ]
INFO: [ view_parse ] --END-- [ RunTime:0.067970s ]
INFO: [ view_filter ] --START--
INFO: Run Behavior\WriteHtmlCacheBehavior [ RunTime:0.000453s ]
INFO: Run Common\Behavior\TmplStripSpaceBehavior [ RunTime:0.000395s ]
INFO: [ view_filter ] --END-- [ RunTime:0.000913s ]
INFO: [ app_end ] --START--
INFO: Run Behavior\ShowPageTraceBehavior [ RunTime:0.000638s ]
INFO: [ app_end ] --END-- [ RunTime:0.000684s ]

[ 2018-08-29T08:59:01+08:00 ] 113.251.21.183 /index.php?g=Admin&m=Course&a=index
INFO: [ app_init ] --START--
INFO: Run Behavior\BuildLiteBehavior [ RunTime:0.000029s ]
INFO: Run Common\Behavior\InitHookBehavior [ RunTime:0.002470s ]
INFO: [ app_init ] --END-- [ RunTime:0.003038s ]
INFO: [ app_begin ] --START--
INFO: Run Behavior\ReadHtmlCacheBehavior [ RunTime:0.000513s ]
INFO: Run Behavior\CheckLangBehavior [ RunTime:0.001017s ]
INFO: Run Common\Behavior\UrldecodeGetBehavior [ RunTime:0.000375s ]
INFO: [ app_begin ] --END-- [ RunTime:0.002012s ]
INFO: [ admin_begin ] --START--
INFO: Run Common\Behavior\AdminDefaultLangBehavior [ RunTime:0.001144s ]
INFO: [ admin_begin ] --END-- [ RunTime:0.001205s ]
SQL: SHOW COLUMNS FROM `dqc_users` [ RunTime:0.0151s ]
SQL: SELECT * FROM `dqc_users` WHERE `id` = '1' LIMIT 1   [ RunTime:0.0003s ]
SQL: SHOW COLUMNS FROM `dqc_category` [ RunTime:0.0126s ]
SQL: SHOW COLUMNS FROM `dqc_banner` [ RunTime:0.0136s ]
SQL: SHOW COLUMNS FROM `dqc_course` [ RunTime:0.0120s ]
SQL: SELECT COUNT(*) AS tp_count FROM `dqc_course` WHERE `id` > 0 LIMIT 1   [ RunTime:0.0004s ]
SQL: SELECT * FROM `dqc_course` WHERE `id` > 0 ORDER BY listorder DESC LIMIT 0,20   [ RunTime:0.0005s ]
SQL: SELECT * FROM `dqc_category` WHERE `type` = 0 ORDER BY listorder DESC  [ RunTime:0.0002s ]
SQL: SHOW COLUMNS FROM `dqc_options` [ RunTime:0.0088s ]
SQL: SELECT `option_value` FROM `dqc_options` WHERE `option_name` = 'cdn_settings' LIMIT 1   [ RunTime:0.0002s ]
INFO: [ view_parse ] --START--
INFO: [ template_filter ] --START--
INFO: Run Behavior\ContentReplaceBehavior [ RunTime:0.000094s ]
INFO: [ template_filter ] --END-- [ RunTime:0.000143s ]
INFO: Run Behavior\ParseTemplateBehavior [ RunTime:0.078785s ]
INFO: [ view_parse ] --END-- [ RunTime:0.078843s ]
INFO: [ view_filter ] --START--
INFO: Run Behavior\WriteHtmlCacheBehavior [ RunTime:0.000434s ]
INFO: Run Common\Behavior\TmplStripSpaceBehavior [ RunTime:0.000394s ]
INFO: [ view_filter ] --END-- [ RunTime:0.000889s ]
INFO: [ app_end ] --START--
INFO: Run Behavior\ShowPageTraceBehavior [ RunTime:0.000509s ]
INFO: [ app_end ] --END-- [ RunTime:0.000550s ]

[ 2018-08-29T08:59:26+08:00 ] 113.251.21.183 /index.php?g=Admin&m=SystemConfig&a=integration_rule
INFO: [ app_init ] --START--
INFO: Run Behavior\BuildLiteBehavior [ RunTime:0.000015s ]
INFO: Run Common\Behavior\InitHookBehavior [ RunTime:0.002030s ]
INFO: [ app_init ] --END-- [ RunTime:0.002463s ]
INFO: [ app_begin ] --START--
INFO: Run Behavior\ReadHtmlCacheBehavior [ RunTime:0.000540s ]
INFO: Run Behavior\CheckLangBehavior [ RunTime:0.001095s ]
INFO: Run Common\Behavior\UrldecodeGetBehavior [ RunTime:0.000343s ]
INFO: [ app_begin ] --END-- [ RunTime:0.002077s ]
INFO: [ admin_begin ] --START--
INFO: Run Common\Behavior\AdminDefaultLangBehavior [ RunTime:0.001004s ]
INFO: [ admin_begin ] --END-- [ RunTime:0.001057s ]
SQL: SHOW COLUMNS FROM `dqc_users` [ RunTime:0.0156s ]
SQL: SELECT * FROM `dqc_users` WHERE `id` = '1' LIMIT 1   [ RunTime:0.0004s ]
SQL: SHOW COLUMNS FROM `dqc_system_config` [ RunTime:0.0213s ]
SQL: SELECT * FROM `dqc_system_config` WHERE `type` = 1 LIMIT 1   [ RunTime:0.0003s ]
SQL: SHOW COLUMNS FROM `dqc_options` [ RunTime:0.0090s ]
SQL: SELECT `option_value` FROM `dqc_options` WHERE `option_name` = 'cdn_settings' LIMIT 1   [ RunTime:0.0002s ]
INFO: [ view_parse ] --START--
INFO: [ template_filter ] --START--
INFO: Run Behavior\ContentReplaceBehavior [ RunTime:0.000185s ]
INFO: [ template_filter ] --END-- [ RunTime:0.000248s ]
INFO: Run Behavior\ParseTemplateBehavior [ RunTime:0.078536s ]
INFO: [ view_parse ] --END-- [ RunTime:0.078624s ]
INFO: [ view_filter ] --START--
INFO: Run Behavior\WriteHtmlCacheBehavior [ RunTime:0.000462s ]
INFO: Run Common\Behavior\TmplStripSpaceBehavior [ RunTime:0.000403s ]
INFO: [ view_filter ] --END-- [ RunTime:0.000938s ]
INFO: [ app_end ] --START--
INFO: Run Behavior\ShowPageTraceBehavior [ RunTime:0.000467s ]
INFO: [ app_end ] --END-- [ RunTime:0.000504s ]

[ 2018-08-29T08:59:32+08:00 ] 113.251.21.183 /index.php?g=Admin&m=Exam&a=index
INFO: [ app_init ] --START--
INFO: Run Behavior\BuildLiteBehavior [ RunTime:0.000015s ]
INFO: Run Common\Behavior\InitHookBehavior [ RunTime:0.002002s ]
INFO: [ app_init ] --END-- [ RunTime:0.002453s ]
INFO: [ app_begin ] --START--
INFO: Run Behavior\ReadHtmlCacheBehavior [ RunTime:0.000520s ]
INFO: Run Behavior\CheckLangBehavior [ RunTime:0.001048s ]
INFO: Run Common\Behavior\UrldecodeGetBehavior [ RunTime:0.000353s ]
INFO: [ app_begin ] --END-- [ RunTime:0.002035s ]
NOTIC: [2048] Declaration of Admin\Controller\ExamController::show() should be compatible with Think\Controller::show($content, $charset = '', $contentType = '', $prefix = '') C:\www\dqchina\application\Admin\Controller\ExamController.class.php 第 6 行.
INFO: [ admin_begin ] --START--
INFO: Run Common\Behavior\AdminDefaultLangBehavior [ RunTime:0.001008s ]
INFO: [ admin_begin ] --END-- [ RunTime:0.001055s ]
SQL: SHOW COLUMNS FROM `dqc_users` [ RunTime:0.0141s ]
SQL: SELECT * FROM `dqc_users` WHERE `id` = '1' LIMIT 1   [ RunTime:0.0003s ]
SQL: SHOW COLUMNS FROM `dqc_category` [ RunTime:0.0092s ]
SQL: SHOW COLUMNS FROM `dqc_exam_paper` [ RunTime:0.0126s ]
SQL: SHOW COLUMNS FROM `dqc_exam_paper_question` [ RunTime:0.0151s ]
SQL: SHOW COLUMNS FROM `dqc_exam_question` [ RunTime:0.0116s ]
SQL: SHOW COLUMNS FROM `dqc_exam_question_option` [ RunTime:0.0124s ]
SQL: SHOW COLUMNS FROM `dqc_exam_paper_user` [ RunTime:0.0115s ]
SQL: SHOW COLUMNS FROM `dqc_exam_paper_answer` [ RunTime:0.0124s ]
SQL: SHOW COLUMNS FROM `dqc_banner` [ RunTime:0.0097s ]
SQL: SELECT COUNT(*) AS tp_count FROM `dqc_exam_paper` WHERE `id` > 0 LIMIT 1   [ RunTime:0.0003s ]
SQL: SELECT * FROM `dqc_exam_paper` WHERE `id` > 0 ORDER BY listorder DESC LIMIT 0,20   [ RunTime:0.0003s ]
SQL: SELECT * FROM `dqc_category` WHERE `type` = 1 ORDER BY listorder DESC  [ RunTime:0.0002s ]
SQL: SHOW COLUMNS FROM `dqc_options` [ RunTime:0.0083s ]
SQL: SELECT `option_value` FROM `dqc_options` WHERE `option_name` = 'cdn_settings' LIMIT 1   [ RunTime:0.0001s ]
INFO: [ view_parse ] --START--
INFO: [ template_filter ] --START--
INFO: Run Behavior\ContentReplaceBehavior [ RunTime:0.000089s ]
INFO: [ template_filter ] --END-- [ RunTime:0.000131s ]
INFO: Run Behavior\ParseTemplateBehavior [ RunTime:0.079296s ]
INFO: [ view_parse ] --END-- [ RunTime:0.079359s ]
INFO: [ view_filter ] --START--
INFO: Run Behavior\WriteHtmlCacheBehavior [ RunTime:0.000417s ]
INFO: Run Common\Behavior\TmplStripSpaceBehavior [ RunTime:0.000548s ]
INFO: [ view_filter ] --END-- [ RunTime:0.001032s ]
INFO: [ app_end ] --START--
INFO: Run Behavior\ShowPageTraceBehavior [ RunTime:0.000613s ]
INFO: [ app_end ] --END-- [ RunTime:0.000652s ]

[ 2018-08-29T09:00:17+08:00 ] 113.251.21.183 /index.php?g=Admin&m=Exam&a=index
INFO: [ app_init ] --START--
INFO: Run Behavior\BuildLiteBehavior [ RunTime:0.000016s ]
INFO: Run Common\Behavior\InitHookBehavior [ RunTime:0.002362s ]
INFO: [ app_init ] --END-- [ RunTime:0.002881s ]
INFO: [ app_begin ] --START--
INFO: Run Behavior\ReadHtmlCacheBehavior [ RunTime:0.000670s ]
INFO: Run Behavior\CheckLangBehavior [ RunTime:0.001463s ]
INFO: Run Common\Behavior\UrldecodeGetBehavior [ RunTime:0.000500s ]
INFO: [ app_begin ] --END-- [ RunTime:0.002781s ]
NOTIC: [2048] Declaration of Admin\Controller\ExamController::show() should be compatible with Think\Controller::show($content, $charset = '', $contentType = '', $prefix = '') C:\www\dqchina\application\Admin\Controller\ExamController.class.php 第 6 行.
INFO: [ admin_begin ] --START--
INFO: Run Common\Behavior\AdminDefaultLangBehavior [ RunTime:0.001170s ]
INFO: [ admin_begin ] --END-- [ RunTime:0.001226s ]
SQL: SHOW COLUMNS FROM `dqc_users` [ RunTime:0.0184s ]
SQL: SELECT * FROM `dqc_users` WHERE `id` = '1' LIMIT 1   [ RunTime:0.0003s ]
SQL: SHOW COLUMNS FROM `dqc_category` [ RunTime:0.0090s ]
SQL: SHOW COLUMNS FROM `dqc_exam_paper` [ RunTime:0.0089s ]
SQL: SHOW COLUMNS FROM `dqc_exam_paper_question` [ RunTime:0.0109s ]
SQL: SHOW COLUMNS FROM `dqc_exam_question` [ RunTime:0.0087s ]
SQL: SHOW COLUMNS FROM `dqc_exam_question_option` [ RunTime:0.0090s ]
SQL: SHOW COLUMNS FROM `dqc_exam_paper_user` [ RunTime:0.0116s ]
SQL: SHOW COLUMNS FROM `dqc_exam_paper_answer` [ RunTime:0.0114s ]
SQL: SHOW COLUMNS FROM `dqc_banner` [ RunTime:0.0085s ]
SQL: SELECT COUNT(*) AS tp_count FROM `dqc_exam_paper` WHERE `id` > 0 LIMIT 1   [ RunTime:0.0003s ]
SQL: SELECT * FROM `dqc_exam_paper` WHERE `id` > 0 ORDER BY listorder DESC LIMIT 0,20   [ RunTime:0.0004s ]
SQL: SELECT * FROM `dqc_category` WHERE `type` = 1 ORDER BY listorder DESC  [ RunTime:0.0002s ]
SQL: SHOW COLUMNS FROM `dqc_options` [ RunTime:0.0087s ]
SQL: SELECT `option_value` FROM `dqc_options` WHERE `option_name` = 'cdn_settings' LIMIT 1   [ RunTime:0.0002s ]
INFO: [ view_parse ] --START--
INFO: [ template_filter ] --START--
INFO: Run Behavior\ContentReplaceBehavior [ RunTime:0.000090s ]
INFO: [ template_filter ] --END-- [ RunTime:0.000133s ]
INFO: Run Behavior\ParseTemplateBehavior [ RunTime:0.063734s ]
INFO: [ view_parse ] --END-- [ RunTime:0.063799s ]
INFO: [ view_filter ] --START--
INFO: Run Behavior\WriteHtmlCacheBehavior [ RunTime:0.000439s ]
INFO: Run Common\Behavior\TmplStripSpaceBehavior [ RunTime:0.000456s ]
INFO: [ view_filter ] --END-- [ RunTime:0.000955s ]
INFO: [ app_end ] --START--
INFO: Run Behavior\ShowPageTraceBehavior [ RunTime:0.000514s ]
INFO: [ app_end ] --END-- [ RunTime:0.000551s ]

[ 2018-08-29T09:00:18+08:00 ] 113.251.21.183 /index.php?g=Admin&m=Exam&a=category
INFO: [ app_init ] --START--
INFO: Run Behavior\BuildLiteBehavior [ RunTime:0.000015s ]
INFO: Run Common\Behavior\InitHookBehavior [ RunTime:0.001958s ]
INFO: [ app_init ] --END-- [ RunTime:0.002342s ]
INFO: [ app_begin ] --START--
INFO: Run Behavior\ReadHtmlCacheBehavior [ RunTime:0.000522s ]
INFO: Run Behavior\CheckLangBehavior [ RunTime:0.001173s ]
INFO: Run Common\Behavior\UrldecodeGetBehavior [ RunTime:0.000410s ]
INFO: [ app_begin ] --END-- [ RunTime:0.002209s ]
NOTIC: [2048] Declaration of Admin\Controller\ExamController::show() should be compatible with Think\Controller::show($content, $charset = '', $contentType = '', $prefix = '') C:\www\dqchina\application\Admin\Controller\ExamController.class.php 第 6 行.
INFO: [ admin_begin ] --START--
INFO: Run Common\Behavior\AdminDefaultLangBehavior [ RunTime:0.001277s ]
INFO: [ admin_begin ] --END-- [ RunTime:0.001341s ]
SQL: SHOW COLUMNS FROM `dqc_users` [ RunTime:0.0146s ]
SQL: SELECT * FROM `dqc_users` WHERE `id` = '1' LIMIT 1   [ RunTime:0.0003s ]
SQL: SHOW COLUMNS FROM `dqc_category` [ RunTime:0.0089s ]
SQL: SHOW COLUMNS FROM `dqc_exam_paper` [ RunTime:0.0096s ]
SQL: SHOW COLUMNS FROM `dqc_exam_paper_question` [ RunTime:0.0091s ]
SQL: SHOW COLUMNS FROM `dqc_exam_question` [ RunTime:0.0092s ]
SQL: SHOW COLUMNS FROM `dqc_exam_question_option` [ RunTime:0.0089s ]
SQL: SHOW COLUMNS FROM `dqc_exam_paper_user` [ RunTime:0.0130s ]
SQL: SHOW COLUMNS FROM `dqc_exam_paper_answer` [ RunTime:0.0085s ]
SQL: SHOW COLUMNS FROM `dqc_banner` [ RunTime:0.0090s ]
SQL: SELECT COUNT(*) AS tp_count FROM `dqc_category` WHERE `type` = 1 LIMIT 1   [ RunTime:0.0003s ]
SQL: SELECT * FROM `dqc_category` WHERE `type` = 1 ORDER BY id ASC LIMIT 0,20   [ RunTime:0.0002s ]
SQL: SHOW COLUMNS FROM `dqc_options` [ RunTime:0.0083s ]
SQL: SELECT `option_value` FROM `dqc_options` WHERE `option_name` = 'cdn_settings' LIMIT 1   [ RunTime:0.0002s ]
INFO: [ view_parse ] --START--
INFO: [ template_filter ] --START--
INFO: Run Behavior\ContentReplaceBehavior [ RunTime:0.000082s ]
INFO: [ template_filter ] --END-- [ RunTime:0.000133s ]
INFO: Run Behavior\ParseTemplateBehavior [ RunTime:0.060630s ]
INFO: [ view_parse ] --END-- [ RunTime:0.060695s ]
INFO: [ view_filter ] --START--
INFO: Run Behavior\WriteHtmlCacheBehavior [ RunTime:0.000477s ]
INFO: Run Common\Behavior\TmplStripSpaceBehavior [ RunTime:0.000506s ]
INFO: [ view_filter ] --END-- [ RunTime:0.001054s ]
INFO: [ app_end ] --START--
INFO: Run Behavior\ShowPageTraceBehavior [ RunTime:0.000571s ]
INFO: [ app_end ] --END-- [ RunTime:0.000609s ]

[ 2018-08-29T09:03:37+08:00 ] 113.251.21.183 /index.php?g=Admin&m=Public&a=logout
INFO: [ app_init ] --START--
INFO: Run Behavior\BuildLiteBehavior [ RunTime:0.000016s ]
INFO: Run Common\Behavior\InitHookBehavior [ RunTime:0.002233s ]
INFO: [ app_init ] --END-- [ RunTime:0.002638s ]
INFO: [ app_begin ] --START--
INFO: Run Behavior\ReadHtmlCacheBehavior [ RunTime:0.000646s ]
INFO: Run Behavior\CheckLangBehavior [ RunTime:0.001266s ]
INFO: Run Common\Behavior\UrldecodeGetBehavior [ RunTime:0.000496s ]
INFO: [ app_begin ] --END-- [ RunTime:0.002521s ]
INFO: [ admin_begin ] --START--
INFO: Run Common\Behavior\AdminDefaultLangBehavior [ RunTime:0.001267s ]
INFO: [ admin_begin ] --END-- [ RunTime:0.001320s ]

[ 2018-08-29T09:03:44+08:00 ] 113.251.21.183 /admin/index/index
INFO: [ app_init ] --START--
INFO: Run Behavior\BuildLiteBehavior [ RunTime:0.000020s ]
INFO: Run Common\Behavior\InitHookBehavior [ RunTime:0.002150s ]
INFO: [ app_init ] --END-- [ RunTime:0.002591s ]
INFO: [ app_begin ] --START--
INFO: Run Behavior\ReadHtmlCacheBehavior [ RunTime:0.000584s ]
INFO: Run Behavior\CheckLangBehavior [ RunTime:0.001198s ]
INFO: Run Common\Behavior\UrldecodeGetBehavior [ RunTime:0.000457s ]
INFO: [ app_begin ] --END-- [ RunTime:0.002356s ]
INFO: [ admin_begin ] --START--
INFO: Run Common\Behavior\AdminDefaultLangBehavior [ RunTime:0.001342s ]
INFO: [ admin_begin ] --END-- [ RunTime:0.001398s ]

[ 2018-08-29T09:03:46+08:00 ] 113.251.21.183 /index.php?g=admin&m=public&a=login
INFO: [ app_init ] --START--
INFO: Run Behavior\BuildLiteBehavior [ RunTime:0.000016s ]
INFO: Run Common\Behavior\InitHookBehavior [ RunTime:0.002017s ]
INFO: [ app_init ] --END-- [ RunTime:0.002419s ]
INFO: [ app_begin ] --START--
INFO: Run Behavior\ReadHtmlCacheBehavior [ RunTime:0.000663s ]
INFO: Run Behavior\CheckLangBehavior [ RunTime:0.001193s ]
INFO: Run Common\Behavior\UrldecodeGetBehavior [ RunTime:0.000514s ]
INFO: [ app_begin ] --END-- [ RunTime:0.002488s ]
INFO: [ admin_begin ] --START--
INFO: Run Common\Behavior\AdminDefaultLangBehavior [ RunTime:0.001183s ]
INFO: [ admin_begin ] --END-- [ RunTime:0.001234s ]
SQL: SHOW COLUMNS FROM `dqc_options` [ RunTime:0.0163s ]
SQL: SELECT `option_value` FROM `dqc_options` WHERE `option_name` = 'cdn_settings' LIMIT 1   [ RunTime:0.0002s ]
INFO: [ view_parse ] --START--
INFO: [ template_filter ] --START--
INFO: Run Behavior\ContentReplaceBehavior [ RunTime:0.000156s ]
INFO: [ template_filter ] --END-- [ RunTime:0.000214s ]
INFO: Run Behavior\ParseTemplateBehavior [ RunTime:0.030748s ]
INFO: [ view_parse ] --END-- [ RunTime:0.030820s ]
INFO: [ view_filter ] --START--
INFO: Run Behavior\WriteHtmlCacheBehavior [ RunTime:0.000360s ]
INFO: Run Common\Behavior\TmplStripSpaceBehavior [ RunTime:0.000439s ]
INFO: [ view_filter ] --END-- [ RunTime:0.000861s ]
INFO: [ app_end ] --START--
INFO: Run Behavior\ShowPageTraceBehavior [ RunTime:0.000532s ]
INFO: [ app_end ] --END-- [ RunTime:0.000567s ]

[ 2018-08-29T10:37:01+08:00 ] 113.251.21.183 /index.php?g=Admin&m=public&a=dologin
INFO: [ app_init ] --START--
INFO: Run Behavior\BuildLiteBehavior [ RunTime:0.000016s ]
INFO: Run Common\Behavior\InitHookBehavior [ RunTime:0.001837s ]
INFO: [ app_init ] --END-- [ RunTime:0.002288s ]
INFO: [ app_begin ] --START--
INFO: Run Behavior\ReadHtmlCacheBehavior [ RunTime:0.000519s ]
INFO: Run Behavior\CheckLangBehavior [ RunTime:0.001337s ]
INFO: Run Common\Behavior\UrldecodeGetBehavior [ RunTime:0.000371s ]
INFO: [ app_begin ] --END-- [ RunTime:0.002325s ]
INFO: [ admin_begin ] --START--
INFO: Run Common\Behavior\AdminDefaultLangBehavior [ RunTime:0.001453s ]
INFO: [ admin_begin ] --END-- [ RunTime:0.001506s ]

[ 2018-08-29T10:37:07+08:00 ] 113.251.21.183 /index.php?g=Admin&m=public&a=dologin
INFO: [ app_init ] --START--
INFO: Run Behavior\BuildLiteBehavior [ RunTime:0.000016s ]
INFO: Run Common\Behavior\InitHookBehavior [ RunTime:0.001775s ]
INFO: [ app_init ] --END-- [ RunTime:0.002126s ]
INFO: [ app_begin ] --START--
INFO: Run Behavior\ReadHtmlCacheBehavior [ RunTime:0.000496s ]
INFO: Run Behavior\CheckLangBehavior [ RunTime:0.001091s ]
INFO: Run Common\Behavior\UrldecodeGetBehavior [ RunTime:0.000341s ]
INFO: [ app_begin ] --END-- [ RunTime:0.002025s ]
INFO: [ admin_begin ] --START--
INFO: Run Common\Behavior\AdminDefaultLangBehavior [ RunTime:0.001054s ]
INFO: [ admin_begin ] --END-- [ RunTime:0.001100s ]
SQL: SHOW COLUMNS FROM `dqc_users` [ RunTime:0.0196s ]
SQL: SELECT * FROM `dqc_users` WHERE `user_login` = 'admin' LIMIT 1   [ RunTime:0.0004s ]
SQL: SHOW COLUMNS FROM `dqc_role_user` [ RunTime:0.0133s ]
SQL: SELECT `role_id` FROM dqc_role_user a INNER JOIN dqc_role as b on a.role_id =b.id  WHERE `user_id` = '1' AND `status` = 1  [ RunTime:0.0061s ]
SQL: UPDATE `dqc_users` SET `user_login`='admin',`user_pass`='###3d06ced26bf5f510f44de2917f36db90',`user_nicename`='admin',`user_email`='136263676@qq.com',`user_url`='',`avatar`=NULL,`sex`='0',`birthday`='2000-01-01',`signature`=NULL,`last_login_ip`='113.251.21.183',`last_login_time`='2018-08-29 10:37:07',`create_time`='2018-08-13 10:12:43',`user_activation_key`='',`user_status`='1',`score`='0',`user_type`='1',`coin`='0',`mobile`='' WHERE `id` = '1' [ RunTime:0.0005s ]

[ 2018-08-29T10:37:08+08:00 ] 113.251.21.183 /index.php?g=Admin&m=Index&a=index
INFO: [ app_init ] --START--
INFO: Run Behavior\BuildLiteBehavior [ RunTime:0.000015s ]
INFO: Run Common\Behavior\InitHookBehavior [ RunTime:0.001749s ]
INFO: [ app_init ] --END-- [ RunTime:0.002095s ]
INFO: [ app_begin ] --START--
INFO: Run Behavior\ReadHtmlCacheBehavior [ RunTime:0.000504s ]
INFO: Run Behavior\CheckLangBehavior [ RunTime:0.001090s ]
INFO: Run Common\Behavior\UrldecodeGetBehavior [ RunTime:0.000333s ]
INFO: [ app_begin ] --END-- [ RunTime:0.002023s ]
INFO: [ admin_begin ] --START--
INFO: Run Common\Behavior\AdminDefaultLangBehavior [ RunTime:0.001043s ]
INFO: [ admin_begin ] --END-- [ RunTime:0.001099s ]
SQL: SHOW COLUMNS FROM `dqc_users` [ RunTime:0.0159s ]
SQL: SELECT * FROM `dqc_users` WHERE `id` = '1' LIMIT 1   [ RunTime:0.0004s ]
SQL: SHOW COLUMNS FROM `dqc_menu` [ RunTime:0.0134s ]
SQL: SELECT * FROM `dqc_menu` WHERE `parentid` = 0 AND `status` = 1 ORDER BY `listorder` ASC  [ RunTime:0.0020s ]
SQL: SELECT * FROM `dqc_menu` WHERE `parentid` = 237 AND `status` = 1 ORDER BY `listorder` ASC  [ RunTime:0.0004s ]
SQL: SELECT * FROM `dqc_menu` WHERE `parentid` = 238 AND `status` = 1 ORDER BY `listorder` ASC  [ RunTime:0.0003s ]
SQL: SELECT * FROM `dqc_menu` WHERE `parentid` = 240 AND `status` = 1 ORDER BY `listorder` ASC  [ RunTime:0.0003s ]
SQL: SELECT * FROM `dqc_menu` WHERE `parentid` = 242 AND `status` = 1 ORDER BY `listorder` ASC  [ RunTime:0.0002s ]
SQL: SELECT * FROM `dqc_menu` WHERE `parentid` = 244 AND `status` = 1 ORDER BY `listorder` ASC  [ RunTime:0.0002s ]
SQL: SELECT * FROM `dqc_menu` WHERE `parentid` = 246 AND `status` = 1 ORDER BY `listorder` ASC  [ RunTime:0.0002s ]
SQL: SELECT * FROM `dqc_menu` WHERE `parentid` = 264 AND `status` = 1 ORDER BY `listorder` ASC  [ RunTime:0.0002s ]
SQL: SELECT * FROM `dqc_menu` WHERE `parentid` = 265 AND `status` = 1 ORDER BY `listorder` ASC  [ RunTime:0.0002s ]
SQL: SELECT * FROM `dqc_menu` WHERE `parentid` = 266 AND `status` = 1 ORDER BY `listorder` ASC  [ RunTime:0.0002s ]
SQL: SELECT * FROM `dqc_menu` WHERE `parentid` = 267 AND `status` = 1 ORDER BY `listorder` ASC  [ RunTime:0.0002s ]
SQL: SELECT * FROM `dqc_menu` WHERE `parentid` = 268 AND `status` = 1 ORDER BY `listorder` ASC  [ RunTime:0.0002s ]
SQL: SELECT * FROM `dqc_menu` WHERE `parentid` = 305 AND `status` = 1 ORDER BY `listorder` ASC  [ RunTime:0.0002s ]
SQL: SELECT * FROM `dqc_menu` WHERE `parentid` = 306 AND `status` = 1 ORDER BY `listorder` ASC  [ RunTime:0.0002s ]
SQL: SELECT * FROM `dqc_menu` WHERE `parentid` = 307 AND `status` = 1 ORDER BY `listorder` ASC  [ RunTime:0.0002s ]
SQL: SELECT * FROM `dqc_menu` WHERE `parentid` = 308 AND `status` = 1 ORDER BY `listorder` ASC  [ RunTime:0.0002s ]
SQL: SELECT * FROM `dqc_menu` WHERE `parentid` = 132 AND `status` = 1 ORDER BY `listorder` ASC  [ RunTime:0.0002s ]
SQL: SELECT * FROM `dqc_menu` WHERE `parentid` = 140 AND `status` = 1 ORDER BY `listorder` ASC  [ RunTime:0.0002s ]
SQL: SELECT * FROM `dqc_menu` WHERE `parentid` = 149 AND `status` = 1 ORDER BY `listorder` ASC  [ RunTime:0.0002s ]
SQL: SELECT * FROM `dqc_menu` WHERE `parentid` = 85 AND `status` = 1 ORDER BY `listorder` ASC  [ RunTime:0.0002s ]
SQL: SELECT * FROM `dqc_menu` WHERE `parentid` = 100 AND `status` = 1 ORDER BY `listorder` ASC  [ RunTime:0.0003s ]
SQL: SHOW COLUMNS FROM `dqc_options` [ RunTime:0.0187s ]
SQL: SELECT `option_value` FROM `dqc_options` WHERE `option_name` = 'cdn_settings' LIMIT 1   [ RunTime:0.0002s ]
INFO: [ view_parse ] --START--
INFO: [ template_filter ] --START--
INFO: Run Behavior\ContentReplaceBehavior [ RunTime:0.000189s ]
INFO: [ template_filter ] --END-- [ RunTime:0.000259s ]
INFO: Run Behavior\ParseTemplateBehavior [ RunTime:0.090923s ]
INFO: [ view_parse ] --END-- [ RunTime:0.091006s ]
INFO: [ view_filter ] --START--
INFO: Run Behavior\WriteHtmlCacheBehavior [ RunTime:0.000638s ]
INFO: Run Common\Behavior\TmplStripSpaceBehavior [ RunTime:0.000605s ]
INFO: [ view_filter ] --END-- [ RunTime:0.001341s ]
INFO: [ app_end ] --START--
INFO: Run Behavior\ShowPageTraceBehavior [ RunTime:0.000759s ]
INFO: [ app_end ] --END-- [ RunTime:0.000814s ]

[ 2018-08-29T10:37:09+08:00 ] 113.251.21.183 /index.php?g=Admin&m=Main&a=index
INFO: [ app_init ] --START--
INFO: Run Behavior\BuildLiteBehavior [ RunTime:0.000020s ]
INFO: Run Common\Behavior\InitHookBehavior [ RunTime:0.001762s ]
INFO: [ app_init ] --END-- [ RunTime:0.002137s ]
INFO: [ app_begin ] --START--
INFO: Run Behavior\ReadHtmlCacheBehavior [ RunTime:0.000534s ]
INFO: Run Behavior\CheckLangBehavior [ RunTime:0.001767s ]
INFO: Run Common\Behavior\UrldecodeGetBehavior [ RunTime:0.000435s ]
INFO: [ app_begin ] --END-- [ RunTime:0.002913s ]
INFO: [ admin_begin ] --START--
INFO: Run Common\Behavior\AdminDefaultLangBehavior [ RunTime:0.001582s ]
INFO: [ admin_begin ] --END-- [ RunTime:0.001632s ]
SQL: SHOW COLUMNS FROM `dqc_users` [ RunTime:0.0211s ]
SQL: SELECT * FROM `dqc_users` WHERE `id` = '1' LIMIT 1   [ RunTime:0.0005s ]
SQL: select VERSION() as version [ RunTime:0.0001s ]
SQL: SHOW COLUMNS FROM `dqc_options` [ RunTime:0.0115s ]
SQL: SELECT `option_value` FROM `dqc_options` WHERE `option_name` = 'cdn_settings' LIMIT 1   [ RunTime:0.0002s ]
INFO: [ view_parse ] --START--
INFO: [ template_filter ] --START--
INFO: Run Behavior\ContentReplaceBehavior [ RunTime:0.000077s ]
INFO: [ template_filter ] --END-- [ RunTime:0.000129s ]
INFO: Run Behavior\ParseTemplateBehavior [ RunTime:0.038161s ]
INFO: [ view_parse ] --END-- [ RunTime:0.038217s ]
INFO: [ view_filter ] --START--
INFO: Run Behavior\WriteHtmlCacheBehavior [ RunTime:0.000361s ]
INFO: Run Common\Behavior\TmplStripSpaceBehavior [ RunTime:0.000371s ]
INFO: [ view_filter ] --END-- [ RunTime:0.000789s ]
INFO: [ app_end ] --START--
INFO: Run Behavior\ShowPageTraceBehavior [ RunTime:0.000555s ]
INFO: [ app_end ] --END-- [ RunTime:0.000600s ]

[ 2018-08-29T10:37:12+08:00 ] 113.251.21.183 /index.php?g=Admin&m=SystemConfig&a=integration_rule
INFO: [ app_init ] --START--
INFO: Run Behavior\BuildLiteBehavior [ RunTime:0.000029s ]
INFO: Run Common\Behavior\InitHookBehavior [ RunTime:0.002619s ]
INFO: [ app_init ] --END-- [ RunTime:0.003177s ]
INFO: [ app_begin ] --START--
INFO: Run Behavior\ReadHtmlCacheBehavior [ RunTime:0.000507s ]
INFO: Run Behavior\CheckLangBehavior [ RunTime:0.001114s ]
INFO: Run Common\Behavior\UrldecodeGetBehavior [ RunTime:0.000342s ]
INFO: [ app_begin ] --END-- [ RunTime:0.002068s ]
INFO: [ admin_begin ] --START--
INFO: Run Common\Behavior\AdminDefaultLangBehavior [ RunTime:0.001220s ]
INFO: [ admin_begin ] --END-- [ RunTime:0.001273s ]
SQL: SHOW COLUMNS FROM `dqc_users` [ RunTime:0.0136s ]
SQL: SELECT * FROM `dqc_users` WHERE `id` = '1' LIMIT 1   [ RunTime:0.0003s ]
SQL: SHOW COLUMNS FROM `dqc_system_config` [ RunTime:0.0147s ]
SQL: SELECT * FROM `dqc_system_config` WHERE `type` = 1 LIMIT 1   [ RunTime:0.0003s ]
SQL: SHOW COLUMNS FROM `dqc_options` [ RunTime:0.0099s ]
SQL: SELECT `option_value` FROM `dqc_options` WHERE `option_name` = 'cdn_settings' LIMIT 1   [ RunTime:0.0002s ]
INFO: [ view_parse ] --START--
INFO: [ template_filter ] --START--
INFO: Run Behavior\ContentReplaceBehavior [ RunTime:0.000137s ]
INFO: [ template_filter ] --END-- [ RunTime:0.000177s ]
INFO: Run Behavior\ParseTemplateBehavior [ RunTime:0.064919s ]
INFO: [ view_parse ] --END-- [ RunTime:0.064989s ]
INFO: [ view_filter ] --START--
INFO: Run Behavior\WriteHtmlCacheBehavior [ RunTime:0.000382s ]
INFO: Run Common\Behavior\TmplStripSpaceBehavior [ RunTime:0.000369s ]
INFO: [ view_filter ] --END-- [ RunTime:0.000807s ]
INFO: [ app_end ] --START--
INFO: Run Behavior\ShowPageTraceBehavior [ RunTime:0.000543s ]
INFO: [ app_end ] --END-- [ RunTime:0.000581s ]

[ 2018-08-29T10:37:15+08:00 ] 113.251.21.183 /index.php?g=Admin&m=SystemConfig&a=sensitive_word
INFO: [ app_init ] --START--
INFO: Run Behavior\BuildLiteBehavior [ RunTime:0.000018s ]
INFO: Run Common\Behavior\InitHookBehavior [ RunTime:0.001977s ]
INFO: [ app_init ] --END-- [ RunTime:0.002459s ]
INFO: [ app_begin ] --START--
INFO: Run Behavior\ReadHtmlCacheBehavior [ RunTime:0.000538s ]
INFO: Run Behavior\CheckLangBehavior [ RunTime:0.001363s ]
INFO: Run Common\Behavior\UrldecodeGetBehavior [ RunTime:0.000447s ]
INFO: [ app_begin ] --END-- [ RunTime:0.002484s ]
INFO: [ admin_begin ] --START--
INFO: Run Common\Behavior\AdminDefaultLangBehavior [ RunTime:0.001269s ]
INFO: [ admin_begin ] --END-- [ RunTime:0.001327s ]
SQL: SHOW COLUMNS FROM `dqc_users` [ RunTime:0.0167s ]
SQL: SELECT * FROM `dqc_users` WHERE `id` = '1' LIMIT 1   [ RunTime:0.0004s ]
SQL: SHOW COLUMNS FROM `dqc_system_config` [ RunTime:0.0132s ]
SQL: SELECT * FROM `dqc_system_config` WHERE `type` = 2 LIMIT 1   [ RunTime:0.0002s ]
SQL: SHOW COLUMNS FROM `dqc_options` [ RunTime:0.0135s ]
SQL: SELECT `option_value` FROM `dqc_options` WHERE `option_name` = 'cdn_settings' LIMIT 1   [ RunTime:0.0002s ]
INFO: [ view_parse ] --START--
INFO: [ template_filter ] --START--
INFO: Run Behavior\ContentReplaceBehavior [ RunTime:0.000068s ]
INFO: [ template_filter ] --END-- [ RunTime:0.000113s ]
INFO: Run Behavior\ParseTemplateBehavior [ RunTime:0.046535s ]
INFO: [ view_parse ] --END-- [ RunTime:0.046592s ]
INFO: [ view_filter ] --START--
INFO: Run Behavior\WriteHtmlCacheBehavior [ RunTime:0.000455s ]
INFO: Run Common\Behavior\TmplStripSpaceBehavior [ RunTime:0.000425s ]
INFO: [ view_filter ] --END-- [ RunTime:0.000945s ]
INFO: [ app_end ] --START--
INFO: Run Behavior\ShowPageTraceBehavior [ RunTime:0.000636s ]
INFO: [ app_end ] --END-- [ RunTime:0.000677s ]

[ 2018-08-29T11:25:58+08:00 ] 113.251.21.183 /index.php?g=Admin&m=Index&a=index
INFO: [ app_init ] --START--
INFO: Run Behavior\BuildLiteBehavior [ RunTime:0.000017s ]
INFO: Run Common\Behavior\InitHookBehavior [ RunTime:0.002289s ]
INFO: [ app_init ] --END-- [ RunTime:0.002747s ]
INFO: [ app_begin ] --START--
INFO: Run Behavior\ReadHtmlCacheBehavior [ RunTime:0.000587s ]
INFO: Run Behavior\CheckLangBehavior [ RunTime:0.001353s ]
INFO: Run Common\Behavior\UrldecodeGetBehavior [ RunTime:0.000448s ]
INFO: [ app_begin ] --END-- [ RunTime:0.002492s ]
INFO: [ admin_begin ] --START--
INFO: Run Common\Behavior\AdminDefaultLangBehavior [ RunTime:0.000986s ]
INFO: [ admin_begin ] --END-- [ RunTime:0.001069s ]
SQL: SHOW COLUMNS FROM `dqc_users` [ RunTime:0.0234s ]
SQL: SELECT * FROM `dqc_users` WHERE `id` = '1' LIMIT 1   [ RunTime:0.0004s ]
SQL: SHOW COLUMNS FROM `dqc_menu` [ RunTime:0.0170s ]
SQL: SELECT * FROM `dqc_menu` WHERE `parentid` = 0 AND `status` = 1 ORDER BY `listorder` ASC  [ RunTime:0.0005s ]
SQL: SELECT * FROM `dqc_menu` WHERE `parentid` = 237 AND `status` = 1 ORDER BY `listorder` ASC  [ RunTime:0.0003s ]
SQL: SELECT * FROM `dqc_menu` WHERE `parentid` = 238 AND `status` = 1 ORDER BY `listorder` ASC  [ RunTime:0.0002s ]
SQL: SELECT * FROM `dqc_menu` WHERE `parentid` = 240 AND `status` = 1 ORDER BY `listorder` ASC  [ RunTime:0.0002s ]
SQL: SELECT * FROM `dqc_menu` WHERE `parentid` = 242 AND `status` = 1 ORDER BY `listorder` ASC  [ RunTime:0.0002s ]
SQL: SELECT * FROM `dqc_menu` WHERE `parentid` = 244 AND `status` = 1 ORDER BY `listorder` ASC  [ RunTime:0.0002s ]
SQL: SELECT * FROM `dqc_menu` WHERE `parentid` = 246 AND `status` = 1 ORDER BY `listorder` ASC  [ RunTime:0.0001s ]
SQL: SELECT * FROM `dqc_menu` WHERE `parentid` = 264 AND `status` = 1 ORDER BY `listorder` ASC  [ RunTime:0.0002s ]
SQL: SELECT * FROM `dqc_menu` WHERE `parentid` = 265 AND `status` = 1 ORDER BY `listorder` ASC  [ RunTime:0.0002s ]
SQL: SELECT * FROM `dqc_menu` WHERE `parentid` = 266 AND `status` = 1 ORDER BY `listorder` ASC  [ RunTime:0.0003s ]
SQL: SELECT * FROM `dqc_menu` WHERE `parentid` = 267 AND `status` = 1 ORDER BY `listorder` ASC  [ RunTime:0.0003s ]
SQL: SELECT * FROM `dqc_menu` WHERE `parentid` = 268 AND `status` = 1 ORDER BY `listorder` ASC  [ RunTime:0.0003s ]
SQL: SELECT * FROM `dqc_menu` WHERE `parentid` = 305 AND `status` = 1 ORDER BY `listorder` ASC  [ RunTime:0.0002s ]
SQL: SELECT * FROM `dqc_menu` WHERE `parentid` = 306 AND `status` = 1 ORDER BY `listorder` ASC  [ RunTime:0.0002s ]
SQL: SELECT * FROM `dqc_menu` WHERE `parentid` = 307 AND `status` = 1 ORDER BY `listorder` ASC  [ RunTime:0.0002s ]
SQL: SELECT * FROM `dqc_menu` WHERE `parentid` = 308 AND `status` = 1 ORDER BY `listorder` ASC  [ RunTime:0.0002s ]
SQL: SELECT * FROM `dqc_menu` WHERE `parentid` = 132 AND `status` = 1 ORDER BY `listorder` ASC  [ RunTime:0.0002s ]
SQL: SELECT * FROM `dqc_menu` WHERE `parentid` = 140 AND `status` = 1 ORDER BY `listorder` ASC  [ RunTime:0.0002s ]
SQL: SELECT * FROM `dqc_menu` WHERE `parentid` = 149 AND `status` = 1 ORDER BY `listorder` ASC  [ RunTime:0.0002s ]
SQL: SELECT * FROM `dqc_menu` WHERE `parentid` = 85 AND `status` = 1 ORDER BY `listorder` ASC  [ RunTime:0.0002s ]
SQL: SELECT * FROM `dqc_menu` WHERE `parentid` = 100 AND `status` = 1 ORDER BY `listorder` ASC  [ RunTime:0.0002s ]
SQL: SHOW COLUMNS FROM `dqc_options` [ RunTime:0.0168s ]
SQL: SELECT `option_value` FROM `dqc_options` WHERE `option_name` = 'cdn_settings' LIMIT 1   [ RunTime:0.0002s ]
INFO: [ view_parse ] --START--
INFO: [ template_filter ] --START--
INFO: Run Behavior\ContentReplaceBehavior [ RunTime:0.000124s ]
INFO: [ template_filter ] --END-- [ RunTime:0.000166s ]
INFO: Run Behavior\ParseTemplateBehavior [ RunTime:0.093109s ]
INFO: [ view_parse ] --END-- [ RunTime:0.093169s ]
INFO: [ view_filter ] --START--
INFO: Run Behavior\WriteHtmlCacheBehavior [ RunTime:0.000448s ]
INFO: Run Common\Behavior\TmplStripSpaceBehavior [ RunTime:0.000361s ]
INFO: [ view_filter ] --END-- [ RunTime:0.000868s ]
INFO: [ app_end ] --START--
INFO: Run Behavior\ShowPageTraceBehavior [ RunTime:0.000603s ]
INFO: [ app_end ] --END-- [ RunTime:0.000640s ]

[ 2018-08-29T11:25:59+08:00 ] 113.251.21.183 /index.php?g=Admin&m=Main&a=index
INFO: [ app_init ] --START--
INFO: Run Behavior\BuildLiteBehavior [ RunTime:0.000022s ]
INFO: Run Common\Behavior\InitHookBehavior [ RunTime:0.002466s ]
INFO: [ app_init ] --END-- [ RunTime:0.003097s ]
INFO: [ app_begin ] --START--
INFO: Run Behavior\ReadHtmlCacheBehavior [ RunTime:0.000521s ]
INFO: Run Behavior\CheckLangBehavior [ RunTime:0.001288s ]
INFO: Run Common\Behavior\UrldecodeGetBehavior [ RunTime:0.000385s ]
INFO: [ app_begin ] --END-- [ RunTime:0.002300s ]
INFO: [ admin_begin ] --START--
INFO: Run Common\Behavior\AdminDefaultLangBehavior [ RunTime:0.001159s ]
INFO: [ admin_begin ] --END-- [ RunTime:0.001215s ]
SQL: SHOW COLUMNS FROM `dqc_users` [ RunTime:0.0158s ]
SQL: SELECT * FROM `dqc_users` WHERE `id` = '1' LIMIT 1   [ RunTime:0.0003s ]
SQL: select VERSION() as version [ RunTime:0.0001s ]
SQL: SHOW COLUMNS FROM `dqc_options` [ RunTime:0.0089s ]
SQL: SELECT `option_value` FROM `dqc_options` WHERE `option_name` = 'cdn_settings' LIMIT 1   [ RunTime:0.0001s ]
INFO: [ view_parse ] --START--
INFO: [ template_filter ] --START--
INFO: Run Behavior\ContentReplaceBehavior [ RunTime:0.000124s ]
INFO: [ template_filter ] --END-- [ RunTime:0.000217s ]
INFO: Run Behavior\ParseTemplateBehavior [ RunTime:0.014007s ]
INFO: [ view_parse ] --END-- [ RunTime:0.014064s ]
INFO: [ view_filter ] --START--
INFO: Run Behavior\WriteHtmlCacheBehavior [ RunTime:0.000547s ]
INFO: Run Common\Behavior\TmplStripSpaceBehavior [ RunTime:0.000519s ]
INFO: [ view_filter ] --END-- [ RunTime:0.001146s ]
INFO: [ app_end ] --START--
INFO: Run Behavior\ShowPageTraceBehavior [ RunTime:0.000709s ]
INFO: [ app_end ] --END-- [ RunTime:0.000760s ]

[ 2018-08-29T16:34:27+08:00 ] 113.251.21.183 /index.php?g=Admin&m=SystemConfig&a=protocol
INFO: [ app_init ] --START--
INFO: Run Behavior\BuildLiteBehavior [ RunTime:0.000015s ]
INFO: Run Common\Behavior\InitHookBehavior [ RunTime:0.002260s ]
INFO: [ app_init ] --END-- [ RunTime:0.002760s ]
INFO: [ app_begin ] --START--
INFO: Run Behavior\ReadHtmlCacheBehavior [ RunTime:0.010831s ]
INFO: Run Behavior\CheckLangBehavior [ RunTime:0.037016s ]
INFO: Run Common\Behavior\UrldecodeGetBehavior [ RunTime:0.014063s ]
INFO: [ app_begin ] --END-- [ RunTime:0.062081s ]
INFO: [ admin_begin ] --START--
INFO: Run Common\Behavior\AdminDefaultLangBehavior [ RunTime:0.014675s ]
INFO: [ admin_begin ] --END-- [ RunTime:0.014758s ]
SQL: SHOW COLUMNS FROM `dqc_users` [ RunTime:0.0326s ]
SQL: SELECT * FROM `dqc_users` WHERE `id` = '1' LIMIT 1   [ RunTime:0.0005s ]
SQL: SHOW COLUMNS FROM `dqc_system_config` [ RunTime:0.0244s ]
SQL: SELECT * FROM `dqc_system_config` WHERE `type` = 3 LIMIT 1   [ RunTime:0.0004s ]
SQL: SHOW COLUMNS FROM `dqc_options` [ RunTime:0.0254s ]
SQL: SELECT `option_value` FROM `dqc_options` WHERE `option_name` = 'cdn_settings' LIMIT 1   [ RunTime:0.0003s ]
INFO: [ view_parse ] --START--
INFO: [ template_filter ] --START--
INFO: Run Behavior\ContentReplaceBehavior [ RunTime:0.000093s ]
INFO: [ template_filter ] --END-- [ RunTime:0.000174s ]
INFO: Run Behavior\ParseTemplateBehavior [ RunTime:0.196964s ]
INFO: [ view_parse ] --END-- [ RunTime:0.197069s ]
INFO: [ view_filter ] --START--
INFO: Run Behavior\WriteHtmlCacheBehavior [ RunTime:0.014567s ]
INFO: Run Common\Behavior\TmplStripSpaceBehavior [ RunTime:0.011845s ]
INFO: [ view_filter ] --END-- [ RunTime:0.026524s ]
INFO: [ app_end ] --START--
INFO: Run Behavior\ShowPageTraceBehavior [ RunTime:0.015584s ]
INFO: [ app_end ] --END-- [ RunTime:0.015649s ]

[ 2018-08-29T16:34:28+08:00 ] 113.251.21.183 /index.php?g=Admin&m=SystemConfig&a=integration_rule
INFO: [ app_init ] --START--
INFO: Run Behavior\BuildLiteBehavior [ RunTime:0.000040s ]
INFO: Run Common\Behavior\InitHookBehavior [ RunTime:0.086857s ]
INFO: [ app_init ] --END-- [ RunTime:0.101697s ]
INFO: [ app_begin ] --START--
INFO: Run Behavior\ReadHtmlCacheBehavior [ RunTime:0.022194s ]
INFO: Run Behavior\CheckLangBehavior [ RunTime:0.036978s ]
INFO: Run Common\Behavior\UrldecodeGetBehavior [ RunTime:0.014052s ]
INFO: [ app_begin ] --END-- [ RunTime:0.073424s ]
INFO: [ admin_begin ] --START--
INFO: Run Common\Behavior\AdminDefaultLangBehavior [ RunTime:0.001919s ]
INFO: [ admin_begin ] --END-- [ RunTime:0.002004s ]
SQL: SHOW COLUMNS FROM `dqc_users` [ RunTime:0.0176s ]
SQL: SELECT * FROM `dqc_users` WHERE `id` = '1' LIMIT 1   [ RunTime:0.0005s ]
SQL: SHOW COLUMNS FROM `dqc_system_config` [ RunTime:0.0107s ]
SQL: SELECT * FROM `dqc_system_config` WHERE `type` = 1 LIMIT 1   [ RunTime:0.0002s ]
SQL: SHOW COLUMNS FROM `dqc_options` [ RunTime:0.0103s ]
SQL: SELECT `option_value` FROM `dqc_options` WHERE `option_name` = 'cdn_settings' LIMIT 1   [ RunTime:0.0002s ]
INFO: [ view_parse ] --START--
INFO: [ template_filter ] --START--
INFO: Run Behavior\ContentReplaceBehavior [ RunTime:0.000193s ]
INFO: [ template_filter ] --END-- [ RunTime:0.000273s ]
INFO: Run Behavior\ParseTemplateBehavior [ RunTime:0.108465s ]
INFO: [ view_parse ] --END-- [ RunTime:0.108543s ]
INFO: [ view_filter ] --START--
INFO: Run Behavior\WriteHtmlCacheBehavior [ RunTime:0.000773s ]
INFO: Run Common\Behavior\TmplStripSpaceBehavior [ RunTime:0.000579s ]
INFO: [ view_filter ] --END-- [ RunTime:0.001436s ]
INFO: [ app_end ] --START--
INFO: Run Behavior\ShowPageTraceBehavior [ RunTime:0.000909s ]
INFO: [ app_end ] --END-- [ RunTime:0.000955s ]

